"../../../Engine/Content/EngineMeshes/Humanoid.uasset" 0
"../../../../../../Users/Foge/Documents/Unreal Projects/GAS/Content/_Marketplace/MartialArtsFightGame/Anims/Skeleton/UE4_Mannequin_Skeleton_MAFG.uasset" 1
"../../../../../../Users/Foge/Documents/Unreal Projects/GAS/Content/Gameplay/Characters/Hero/Animations/Hero_Melee_Punch01.uasset" 2
"../../../../../../Users/Foge/Documents/Unreal Projects/GAS/Content/Gameplay/Characters/Hero/Animations/Hero_Melee_Punch01_Montage.uasset" 3
"../../../../../../Users/Foge/Documents/Unreal Projects/GAS/Content/Mannequin/Character/Mesh/UE4_Mannequin_Skeleton.uasset" 4
"../../../../../../Users/Foge/Documents/Unreal Projects/GAS/Content/Gameplay/Characters/Hero/Animations/ThirdPerson_Jump.uasset" 5
"../../../../../../Users/Foge/Documents/Unreal Projects/GAS/Content/Gameplay/Characters/Hero/Animations/ThirdPerson_Jump_Montage.uasset" 6
"../../../../../../Users/Foge/Documents/Unreal Projects/GAS/Content/Mannequin/Animations/ThirdPersonJump_End.uasset" 7
"../../../../../../Users/Foge/Documents/Unreal Projects/GAS/Content/Mannequin/Animations/ThirdPerson_Jump.uasset" 8
"../../../../../../Users/Foge/Documents/Unreal Projects/GAS/Content/Mannequin/Animations/ThirdPersonJump_Loop.uasset" 9
"../../../../../../Users/Foge/Documents/Unreal Projects/GAS/Content/Mannequin/Animations/ThirdPersonJump_Start.uasset" 10
"../../../../../../Users/Foge/Documents/Unreal Projects/GAS/Content/Mannequin/Animations/ThirdPersonIdle.uasset" 11
"../../../../../../Users/Foge/Documents/Unreal Projects/GAS/Content/Mannequin/Animations/ThirdPersonRun.uasset" 12
"../../../../../../Users/Foge/Documents/Unreal Projects/GAS/Content/Mannequin/Animations/ThirdPersonWalk.uasset" 13
"../../../../../../Users/Foge/Documents/Unreal Projects/GAS/Content/Mannequin/Animations/ThirdPerson_IdleRun_2D.uasset" 14
"../../../Engine/Content/EditorBlueprintResources/StandardMacros.uasset" 15
"../../../../../../Users/Foge/Documents/Unreal Projects/GAS/Content/Mannequin/Animations/ThirdPerson_AnimBP.uasset" 16
"../../../../../../Users/Foge/Documents/Unreal Projects/GAS/Content/StarterContent/Materials/M_Basic_Wall.uasset" 17
"../../../../../../Users/Foge/Documents/Unreal Projects/GAS/Content/StarterContent/Architecture/Pillar_50x500.uasset" 18
"../../../../../../Users/Foge/Documents/Unreal Projects/GAS/Content/StarterContent/Architecture/Wall_400x300.uasset" 19
"../../../../../../Users/Foge/Documents/Unreal Projects/GAS/Content/StarterContent/Architecture/Wall_400x400.uasset" 20
"../../../../../../Users/Foge/Documents/Unreal Projects/GAS/Content/StarterContent/Architecture/Wall_500x500.uasset" 21
"../../../../../../Users/Foge/Documents/Unreal Projects/GAS/Content/StarterContent/Architecture/Wall_Door_400x400.uasset" 22
"../../../../../../Users/Foge/Documents/Unreal Projects/GAS/Content/StarterContent/Architecture/Wall_Window_400x400.uasset" 23
"../../../../../../Users/Foge/Documents/Unreal Projects/GAS/Content/StarterContent/Audio/Collapse01.uasset" 24
"../../../../../../Users/Foge/Documents/Unreal Projects/GAS/Content/StarterContent/Audio/Collapse02.uasset" 25
"../../../../../../Users/Foge/Documents/Unreal Projects/GAS/Content/StarterContent/Audio/Explosion01.uasset" 26
"../../../../../../Users/Foge/Documents/Unreal Projects/GAS/Content/StarterContent/Audio/Explosion02.uasset" 27
"../../../../../../Users/Foge/Documents/Unreal Projects/GAS/Content/StarterContent/Audio/Fire01.uasset" 28
"../../../../../../Users/Foge/Documents/Unreal Projects/GAS/Content/StarterContent/Audio/Fire_Sparks01.uasset" 29
"../../../../../../Users/Foge/Documents/Unreal Projects/GAS/Content/StarterContent/Audio/Light01.uasset" 30
"../../../../../../Users/Foge/Documents/Unreal Projects/GAS/Content/StarterContent/Audio/Light01_Cue.uasset" 31
"../../../../../../Users/Foge/Documents/Unreal Projects/GAS/Content/StarterContent/Audio/Light02.uasset" 32
"../../../../../../Users/Foge/Documents/Unreal Projects/GAS/Content/StarterContent/Audio/Light02_Cue.uasset" 33
"../../../../../../Users/Foge/Documents/Unreal Projects/GAS/Content/StarterContent/Audio/Smoke01.uasset" 34
"../../../../../../Users/Foge/Documents/Unreal Projects/GAS/Content/StarterContent/Audio/Starter_Birds01.uasset" 35
"../../../../../../Users/Foge/Documents/Unreal Projects/GAS/Content/StarterContent/Audio/Starter_Music01.uasset" 36
"../../../../../../Users/Foge/Documents/Unreal Projects/GAS/Content/StarterContent/Audio/Starter_Wind05.uasset" 37
"../../../../../../Users/Foge/Documents/Unreal Projects/GAS/Content/StarterContent/Audio/Starter_Wind06.uasset" 38
"../../../../../../Users/Foge/Documents/Unreal Projects/GAS/Content/StarterContent/Audio/Steam01.uasset" 39
"../../../../../../Users/Foge/Documents/Unreal Projects/GAS/Content/StarterContent/Audio/Explosion_Cue.uasset" 40
"../../../../../../Users/Foge/Documents/Unreal Projects/GAS/Content/StarterContent/Textures/T_Burst_M.uasset" 41
"../../../../../../Users/Foge/Documents/Unreal Projects/GAS/Content/StarterContent/Particles/Materials/M_Burst.uasset" 42
"../../../../../../Users/Foge/Documents/Unreal Projects/GAS/Content/StarterContent/Textures/T_Explosion_SubUV.uasset" 43
"../../../../../../Users/Foge/Documents/Unreal Projects/GAS/Content/StarterContent/Particles/Materials/M_explosion_subUV.uasset" 44
"../../../../../../Users/Foge/Documents/Unreal Projects/GAS/Content/StarterContent/Particles/Materials/m_flare_01.uasset" 45
"../../../Engine/Content/Functions/Engine_MaterialFunctions01/Gradient/RadialGradient.uasset" 46
"../../../../../../Users/Foge/Documents/Unreal Projects/GAS/Content/StarterContent/Particles/Materials/M_radial_ramp.uasset" 47
"../../../../../../Users/Foge/Documents/Unreal Projects/GAS/Content/StarterContent/Textures/T_Smoke_SubUV.uasset" 48
"../../../../../../Users/Foge/Documents/Unreal Projects/GAS/Content/StarterContent/Textures/T_Smoke_Tiled_D.uasset" 49
"../../../../../../Users/Foge/Documents/Unreal Projects/GAS/Content/StarterContent/Particles/Materials/M_smoke_subUV.uasset" 50
"../../../../../../Users/Foge/Documents/Unreal Projects/GAS/Content/StarterContent/Particles/P_Explosion.uasset" 51
"../../../../../../Users/Foge/Documents/Unreal Projects/GAS/Content/StarterContent/Blueprints/Blueprint_Effect_Explosion.uasset" 52
"../../../Engine/Content/EditorMeshes/ColorCalibrator/T_ColorGrid.uasset" 53
"../../../../../../Users/Foge/Documents/Unreal Projects/GAS/Content/StarterContent/Materials/M_ColorGrid_LowSpec.uasset" 54
"../../../../../../Users/Foge/Documents/Unreal Projects/GAS/Content/StarterContent/Textures/T_Bush_D.uasset" 55
"../../../../../../Users/Foge/Documents/Unreal Projects/GAS/Content/StarterContent/Textures/T_Bush_N.uasset" 56
"../../../../../../Users/Foge/Documents/Unreal Projects/GAS/Content/StarterContent/Props/Materials/M_Bush.uasset" 57
"../../../../../../Users/Foge/Documents/Unreal Projects/GAS/Content/StarterContent/Props/SM_Bush.uasset" 58
"../../../../../../Users/Foge/Documents/Unreal Projects/GAS/Content/StarterContent/Textures/T_Chair_M.uasset" 59
"../../../../../../Users/Foge/Documents/Unreal Projects/GAS/Content/StarterContent/Textures/T_Chair_N.uasset" 60
"../../../../../../Users/Foge/Documents/Unreal Projects/GAS/Content/StarterContent/Props/Materials/M_Chair.uasset" 61
"../../../../../../Users/Foge/Documents/Unreal Projects/GAS/Content/StarterContent/Props/SM_Couch.uasset" 62
"../../../../../../Users/Foge/Documents/Unreal Projects/GAS/Content/StarterContent/Materials/M_Glass.uasset" 63
"../../../../../../Users/Foge/Documents/Unreal Projects/GAS/Content/StarterContent/Textures/T_Door_M.uasset" 64
"../../../../../../Users/Foge/Documents/Unreal Projects/GAS/Content/StarterContent/Textures/T_Door_N.uasset" 65
"../../../../../../Users/Foge/Documents/Unreal Projects/GAS/Content/StarterContent/Props/Materials/M_Door.uasset" 66
"../../../../../../Users/Foge/Documents/Unreal Projects/GAS/Content/StarterContent/Props/SM_Door.uasset" 67
"../../../../../../Users/Foge/Documents/Unreal Projects/GAS/Content/StarterContent/Props/Materials/M_MaterialSphere.uasset" 68
"../../../../../../Users/Foge/Documents/Unreal Projects/GAS/Content/StarterContent/Props/Materials/M_MaterialSphere_Plain.uasset" 69
"../../../../../../Users/Foge/Documents/Unreal Projects/GAS/Content/StarterContent/Props/SM_MatPreviewMesh_02.uasset" 70
"../../../Engine/Content/Functions/Engine_MaterialFunctions02/Utility/BlendAngleCorrectedNormals.uasset" 71
"../../../../../../Users/Foge/Documents/Unreal Projects/GAS/Content/StarterContent/Textures/T_Detail_Rocky_N.uasset" 72
"../../../../../../Users/Foge/Documents/Unreal Projects/GAS/Content/StarterContent/Textures/T_Rock_Basalt_D.uasset" 73
"../../../../../../Users/Foge/Documents/Unreal Projects/GAS/Content/StarterContent/Textures/T_RockMesh_M.uasset" 74
"../../../../../../Users/Foge/Documents/Unreal Projects/GAS/Content/StarterContent/Textures/T_RockMesh_N.uasset" 75
"../../../../../../Users/Foge/Documents/Unreal Projects/GAS/Content/StarterContent/Props/Materials/M_Rock.uasset" 76
"../../../../../../Users/Foge/Documents/Unreal Projects/GAS/Content/StarterContent/Props/SM_Rock.uasset" 77
"../../../../../../Users/Foge/Documents/Unreal Projects/GAS/Content/StarterContent/Textures/T_Shelf_M.uasset" 78
"../../../../../../Users/Foge/Documents/Unreal Projects/GAS/Content/StarterContent/Textures/T_Shelf_N.uasset" 79
"../../../../../../Users/Foge/Documents/Unreal Projects/GAS/Content/StarterContent/Props/Materials/M_Shelf.uasset" 80
"../../../../../../Users/Foge/Documents/Unreal Projects/GAS/Content/StarterContent/Props/SM_Shelf.uasset" 81
"../../../../../../Users/Foge/Documents/Unreal Projects/GAS/Content/StarterContent/Materials/M_Basic_Floor.uasset" 82
"../../../../../../Users/Foge/Documents/Unreal Projects/GAS/Content/StarterContent/Props/SM_Stairs.uasset" 83
"../../../../../../Users/Foge/Documents/Unreal Projects/GAS/Content/StarterContent/Shapes/Shape_Cone.uasset" 84
"../../../../../../Users/Foge/Documents/Unreal Projects/GAS/Content/StarterContent/Shapes/Shape_Cylinder.uasset" 85
"../../../../../../Users/Foge/Documents/Unreal Projects/GAS/Content/StarterContent/Shapes/Shape_NarrowCapsule.uasset" 86
"../../../../../../Users/Foge/Documents/Unreal Projects/GAS/Content/StarterContent/Shapes/Shape_Pipe.uasset" 87
"../../../../../../Users/Foge/Documents/Unreal Projects/GAS/Content/StarterContent/Shapes/Shape_Pipe_180.uasset" 88
"../../../../../../Users/Foge/Documents/Unreal Projects/GAS/Content/StarterContent/Shapes/Shape_Pipe_90.uasset" 89
"../../../../../../Users/Foge/Documents/Unreal Projects/GAS/Content/StarterContent/Shapes/Shape_Plane.uasset" 90
"../../../../../../Users/Foge/Documents/Unreal Projects/GAS/Content/StarterContent/Shapes/Shape_Torus.uasset" 91
"../../../../../../Users/Foge/Documents/Unreal Projects/GAS/Content/StarterContent/Shapes/Shape_Trim.uasset" 92
"../../../../../../Users/Foge/Documents/Unreal Projects/GAS/Content/StarterContent/Shapes/Shape_Trim_90_In.uasset" 93
"../../../../../../Users/Foge/Documents/Unreal Projects/GAS/Content/StarterContent/Shapes/Shape_Trim_90_Out.uasset" 94
"../../../../../../Users/Foge/Documents/Unreal Projects/GAS/Content/StarterContent/Shapes/Shape_TriPyramid.uasset" 95
"../../../../../../Users/Foge/Documents/Unreal Projects/GAS/Content/StarterContent/Shapes/Shape_Tube.uasset" 96
"../../../../../../Users/Foge/Documents/Unreal Projects/GAS/Content/StarterContent/Shapes/Shape_Wedge_A.uasset" 97
"../../../../../../Users/Foge/Documents/Unreal Projects/GAS/Content/StarterContent/Shapes/Shape_Wedge_B.uasset" 98
"../../../../../../Users/Foge/Documents/Unreal Projects/GAS/Content/StarterContent/Shapes/Shape_WideCapsule.uasset" 99
"../../../../../../Users/Foge/Documents/Unreal Projects/GAS/Content/_Marketplace/MartialArtsFightGame/Anims/Volume2/hit_bound_high_up.uasset" 100
"../../../../../../Users/Foge/Documents/Unreal Projects/GAS/Content/_Marketplace/MartialArtsFightGame/Anims/Volume2/Jump_atk1.uasset" 101
"../../../../../../Users/Foge/Documents/Unreal Projects/GAS/Content/_Marketplace/MartialArtsFightGame/Anims/Volume2/Jump_atk2.uasset" 102
"../../../../../../Users/Foge/Documents/Unreal Projects/GAS/Content/_Marketplace/MartialArtsFightGame/Anims/Volume2/Jump_atk3.uasset" 103
"../../../../../../Users/Foge/Documents/Unreal Projects/GAS/Content/_Marketplace/MartialArtsFightGame/Anims/Volume2/Jump_atk4.uasset" 104
"../../../../../../Users/Foge/Documents/Unreal Projects/GAS/Content/_Marketplace/MartialArtsFightGame/Anims/Volume2/Zaxis_Anim_Jump1.uasset" 105
"../../../../../../Users/Foge/Documents/Unreal Projects/GAS/Content/_Marketplace/MartialArtsFightGame/Anims/Volume2/Zaxis_Anim_Jump2.uasset" 106
"../../../../../../Users/Foge/Documents/Unreal Projects/GAS/Content/_Marketplace/MartialArtsFightGame/Anims/Volume2/Zaxis_Anim_Jump3.uasset" 107
"../../../../../../Users/Foge/Documents/Unreal Projects/GAS/Content/_Marketplace/MartialArtsFightGame/Anims/Volume2/Zaxis_Anim_Jump4.uasset" 108
"../../../../../../Users/Foge/Documents/Unreal Projects/GAS/Content/_Marketplace/MartialArtsFightGame/Anims/Volume2/Zaxis_Anim_Jump5.uasset" 109
"../../../../../../Users/Foge/Documents/Unreal Projects/GAS/Content/_Marketplace/MartialArtsFightGame/Anims/Volume2/Zaxis_Anim_Jump_atk1_Inplace.uasset" 110
"../../../../../../Users/Foge/Documents/Unreal Projects/GAS/Content/_Marketplace/MartialArtsFightGame/Anims/Volume2/Zaxis_Anim_Jump_atk2.uasset" 111
"../../../../../../Users/Foge/Documents/Unreal Projects/GAS/Content/_Marketplace/MartialArtsFightGame/Anims/Volume2/Zaxis_Anim_Jump_atk2_Inplace.uasset" 112
"../../../../../../Users/Foge/Documents/Unreal Projects/GAS/Content/_Marketplace/MartialArtsFightGame/Anims/Volume2/Zaxis_Anim_Jump_atk3.uasset" 113
"../../../../../../Users/Foge/Documents/Unreal Projects/GAS/Content/_Marketplace/MartialArtsFightGame/Anims/Volume2/Zaxis_Anim_Jump_atk3_Inplace.uasset" 114
"../../../../../../Users/Foge/Documents/Unreal Projects/GAS/Content/_Marketplace/MartialArtsFightGame/Anims/Volume2/Zaxis_Anim_Jump_atk4.uasset" 115
"../../../../../../Users/Foge/Documents/Unreal Projects/GAS/Content/_Marketplace/MartialArtsFightGame/Anims/Volume2/idle01.uasset" 116
"../../../../../../Users/Foge/Documents/Unreal Projects/GAS/Content/_Marketplace/MartialArtsFightGame/Anims/Volume2/LookPose_LookC.uasset" 117
"../../../../../../Users/Foge/Documents/Unreal Projects/GAS/Content/_Marketplace/MartialArtsFightGame/Anims/Volume2/LookPose_LookD.uasset" 118
"../../../../../../Users/Foge/Documents/Unreal Projects/GAS/Content/_Marketplace/MartialArtsFightGame/Anims/Volume2/LookPose_LookL.uasset" 119
"../../../../../../Users/Foge/Documents/Unreal Projects/GAS/Content/_Marketplace/MartialArtsFightGame/Anims/Volume2/LookPose_LookLD.uasset" 120
"../../../../../../Users/Foge/Documents/Unreal Projects/GAS/Content/_Marketplace/MartialArtsFightGame/Anims/Volume2/LookPose_LookLU.uasset" 121
"../../../../../../Users/Foge/Documents/Unreal Projects/GAS/Content/_Marketplace/MartialArtsFightGame/Anims/Volume2/LookPose_LookR.uasset" 122
"../../../../../../Users/Foge/Documents/Unreal Projects/GAS/Content/_Marketplace/MartialArtsFightGame/Anims/Volume2/LookPose_LookRD.uasset" 123
"../../../../../../Users/Foge/Documents/Unreal Projects/GAS/Content/_Marketplace/MartialArtsFightGame/Anims/Volume2/LookPose_LookRU.uasset" 124
"../../../../../../Users/Foge/Documents/Unreal Projects/GAS/Content/_Marketplace/MartialArtsFightGame/Anims/Volume2/LookPose_LookU.uasset" 125
"../../../../../../Users/Foge/Documents/Unreal Projects/GAS/Content/_Marketplace/MartialArtsFightGame/BS_BP/LookAround.uasset" 126
"../../../../../../Users/Foge/Documents/Unreal Projects/GAS/Content/_Marketplace/MartialArtsFightGame/Anims/Volume2/Strafe_Run_Back.uasset" 127
"../../../../../../Users/Foge/Documents/Unreal Projects/GAS/Content/_Marketplace/MartialArtsFightGame/Anims/Volume2/Strafe_Run_BackLeft.uasset" 128
"../../../../../../Users/Foge/Documents/Unreal Projects/GAS/Content/_Marketplace/MartialArtsFightGame/Anims/Volume2/Strafe_Run_BackRight.uasset" 129
"../../../../../../Users/Foge/Documents/Unreal Projects/GAS/Content/_Marketplace/MartialArtsFightGame/Anims/Volume2/Strafe_Run_Front.uasset" 130
"../../../../../../Users/Foge/Documents/Unreal Projects/GAS/Content/_Marketplace/MartialArtsFightGame/Anims/Volume2/Strafe_Run_FrontLeft.uasset" 131
"../../../../../../Users/Foge/Documents/Unreal Projects/GAS/Content/_Marketplace/MartialArtsFightGame/Anims/Volume2/Strafe_Run_FrontRight.uasset" 132
"../../../../../../Users/Foge/Documents/Unreal Projects/GAS/Content/_Marketplace/MartialArtsFightGame/Anims/Volume2/Strafe_Run_Left.uasset" 133
"../../../../../../Users/Foge/Documents/Unreal Projects/GAS/Content/_Marketplace/MartialArtsFightGame/Anims/Volume2/Strafe_Run_Right.uasset" 134
"../../../../../../Users/Foge/Documents/Unreal Projects/GAS/Content/_Marketplace/MartialArtsFightGame/Anims/Volume2/Strafe_Walk_Back.uasset" 135
"../../../../../../Users/Foge/Documents/Unreal Projects/GAS/Content/_Marketplace/MartialArtsFightGame/Anims/Volume2/Strafe_Walk_BackLeft.uasset" 136
"../../../../../../Users/Foge/Documents/Unreal Projects/GAS/Content/_Marketplace/MartialArtsFightGame/Anims/Volume2/Strafe_Walk_BackRight.uasset" 137
"../../../../../../Users/Foge/Documents/Unreal Projects/GAS/Content/_Marketplace/MartialArtsFightGame/Anims/Volume2/Strafe_Walk_Front.uasset" 138
"../../../../../../Users/Foge/Documents/Unreal Projects/GAS/Content/_Marketplace/MartialArtsFightGame/Anims/Volume2/Strafe_Walk_FrontLeft.uasset" 139
"../../../../../../Users/Foge/Documents/Unreal Projects/GAS/Content/_Marketplace/MartialArtsFightGame/Anims/Volume2/Strafe_Walk_FrontRight.uasset" 140
"../../../../../../Users/Foge/Documents/Unreal Projects/GAS/Content/_Marketplace/MartialArtsFightGame/Anims/Volume2/Strafe_Walk_Left.uasset" 141
"../../../../../../Users/Foge/Documents/Unreal Projects/GAS/Content/_Marketplace/MartialArtsFightGame/Anims/Volume2/Strafe_Walk_Right.uasset" 142
"../../../../../../Users/Foge/Documents/Unreal Projects/GAS/Content/_Marketplace/MartialArtsFightGame/BS_BP/Walk_Run_Locomotion.uasset" 143
"../../../Engine/Content/Functions/MaterialLayerFunctions/MatLayerBlend_AO.uasset" 144
"../../../Engine/Content/Functions/MaterialLayerFunctions/MatLayerBlend_NormalBlend.uasset" 145
"../../../Engine/Content/Functions/MaterialLayerFunctions/MatLayerBlend_Simple.uasset" 146
"../../../../../../Users/Foge/Documents/Unreal Projects/GAS/Content/_Marketplace/MartialArtsFightGame/Materials/MaterialLayers/T_ML_Rubber_Blue_01_D.uasset" 147
"../../../../../../Users/Foge/Documents/Unreal Projects/GAS/Content/_Marketplace/MartialArtsFightGame/Materials/MaterialLayers/T_ML_Rubber_Blue_01_N.uasset" 148
"../../../../../../Users/Foge/Documents/Unreal Projects/GAS/Content/_Marketplace/MartialArtsFightGame/Materials/MaterialLayers/ML_GlossyBlack_Latex_UE4.uasset" 149
"../../../../../../Users/Foge/Documents/Unreal Projects/GAS/Content/_Marketplace/MartialArtsFightGame/Materials/MaterialLayers/ML_Plastic_Shiny_Beige.uasset" 150
"../../../../../../Users/Foge/Documents/Unreal Projects/GAS/Content/_Marketplace/MartialArtsFightGame/Textures/UE4_LOGO_CARD.uasset" 151
"../../../../../../Users/Foge/Documents/Unreal Projects/GAS/Content/_Marketplace/MartialArtsFightGame/Materials/MaterialLayers/ML_Plastic_Shiny_Beige_LOGO.uasset" 152
"../../../../../../Users/Foge/Documents/Unreal Projects/GAS/Content/_Marketplace/MartialArtsFightGame/Materials/MaterialLayers/T_ML_Aluminum01.uasset" 153
"../../../../../../Users/Foge/Documents/Unreal Projects/GAS/Content/_Marketplace/MartialArtsFightGame/Materials/MaterialLayers/T_ML_Aluminum01_N.uasset" 154
"../../../../../../Users/Foge/Documents/Unreal Projects/GAS/Content/_Marketplace/MartialArtsFightGame/Materials/MaterialLayers/ML_SoftMetal_UE4.uasset" 155
"../../../../../../Users/Foge/Documents/Unreal Projects/GAS/Content/_Marketplace/MartialArtsFightGame/Textures/UE4_Mannequin__normals.uasset" 156
"../../../../../../Users/Foge/Documents/Unreal Projects/GAS/Content/_Marketplace/MartialArtsFightGame/Textures/UE4_Mannequin_MAT_MASKA.uasset" 157
"../../../../../../Users/Foge/Documents/Unreal Projects/GAS/Content/_Marketplace/MartialArtsFightGame/Textures/UE4_Mannequin_occlusion_Mobile.uasset" 158
"../../../../../../Users/Foge/Documents/Unreal Projects/GAS/Content/_Marketplace/MartialArtsFightGame/Materials/M_UE4_Assassinbody.uasset" 159
"../../../Engine/Content/Animation/DefaultAnimCurveCompressionSettings.uasset" 160
"../../../Engine/Content/Functions/Engine_MaterialFunctions01/Opacity/CameraDepthFade.uasset" 161
"../../../Engine/Content/EngineMaterials/T_Default_Material_Grid_M.uasset" 162
"../../../Engine/Content/EngineMaterials/T_Default_Material_Grid_N.uasset" 163
"../../../Engine/Content/EngineMaterials/WorldGridMaterial.uasset" 164
"../../../Engine/Content/ArtTools/RenderToTexture/Meshes/S_1_Unit_Plane.uasset" 165
"../../../Engine/Content/EngineMaterials/DefaultMaterial.uasset" 166
"../../../Engine/Content/BasicShapes/Cone.uasset" 167
"../../../Engine/Content/BasicShapes/Cylinder.uasset" 168
"../../../Engine/Content/BasicShapes/Plane.uasset" 169
"../../../Engine/Content/BasicShapes/Sphere.uasset" 170
"../../../Engine/Content/EditorLandscapeResources/DataLayer.uasset" 171
"../../../Engine/Content/EditorMaterials/GizmoMaterial.uasset" 172
"../../../Engine/Content/EditorMaterials/MAT_Groups_Toggle.uasset" 173
"../../../Engine/Content/EditorMaterials/MAT_Groups_Visibility.uasset" 174
"../../../Engine/Content/EditorMaterials/PreviewShadowIndicator.uasset" 175
"../../../Engine/Content/EditorMaterials/PreviewShadowIndicatorMaterial.uasset" 176
"../../../Engine/Content/EditorMaterials/MatineeGroups/MAT_ColorTrack.uasset" 177
"../../../Engine/Content/EditorMaterials/MatineeGroups/MAT_Groups_Anim.uasset" 178
"../../../Engine/Content/EditorMaterials/MatineeGroups/MAT_Groups_AudioMaster.uasset" 179
"../../../Engine/Content/EditorMaterials/MatineeGroups/MAT_Groups_Director.uasset" 180
"../../../Engine/Content/EditorMaterials/MatineeGroups/MAT_Groups_Event.uasset" 181
"../../../Engine/Content/EditorMaterials/MatineeGroups/MAT_Groups_Fade.uasset" 182
"../../../Engine/Content/EditorMaterials/MatineeGroups/MAT_Groups_Float.uasset" 183
"../../../Engine/Content/EditorMaterials/MatineeGroups/MAT_Groups_Move.uasset" 184
"../../../Engine/Content/EditorMaterials/MatineeGroups/MAT_Groups_Slomo.uasset" 185
"../../../Engine/Content/EditorMaterials/MatineeGroups/MAT_Groups_Sound.uasset" 186
"../../../Engine/Content/EditorMaterials/MatineeGroups/MAT_Groups_Vector.uasset" 187
"../../../Engine/Content/EditorMaterials/ParticleSystems/PSysThumbnail_NoImage.uasset" 188
"../../../Engine/Content/EditorMaterials/ParticleSystems/PSysThumbnail_OOD.uasset" 189
"../../../Engine/Content/EditorMaterials/Camera/CineMat.uasset" 190
"../../../Engine/Content/EditorMaterials/Camera/MI_CineMat_Rig.uasset" 191
"../../../Engine/Content/EditorMeshes/Camera/SM_CraneRig_Arm.uasset" 192
"../../../Engine/Content/EditorMeshes/Camera/SM_CraneRig_Base.uasset" 193
"../../../Engine/Content/EditorMeshes/Camera/SM_CraneRig_Body.uasset" 194
"../../../Engine/Content/EditorMeshes/Camera/SM_CraneRig_Mount.uasset" 195
"../../../Engine/Content/EditorMeshes/Camera/SM_RailRig_Mount.uasset" 196
"../../../Engine/Content/EditorMeshes/Camera/SM_RailRig_Track.uasset" 197
"../../../Engine/Content/EditorResources/BSPVertex.uasset" 198
"../../../Engine/Content/EditorResources/EmptyActor.uasset" 199
"../../../Engine/Content/EditorResources/S_Actor.uasset" 200
"../../../Engine/Content/EditorResources/S_Note.uasset" 201
"../../../Engine/Content/EditorResources/S_Trigger.uasset" 202
"../../../Engine/Content/EditorResources/AudioIcons/S_AudioComponent.uasset" 203
"../../../Engine/Content/EditorResources/AudioIcons/S_AudioComponent_AutoActivate.uasset" 204
"../../../Engine/Content/EditorResources/LightIcons/S_LightError.uasset" 205
"../../../Engine/Content/EditorResources/SequenceRecorder/Countdown.uasset" 206
"../../../Engine/Content/EditorResources/SequenceRecorder/RecordingIndicator.uasset" 207
"../../../Engine/Content/EditorSounds/Notifications/CompileFailed.uasset" 208
"../../../Engine/Content/EditorSounds/Notifications/CompileFailed_Cue.uasset" 209
"../../../Engine/Content/EditorSounds/Notifications/CompileSuccess.uasset" 210
"../../../Engine/Content/EditorSounds/Notifications/CompileStart_Cue.uasset" 211
"../../../Engine/Content/EditorSounds/Notifications/CompileSuccess_Cue.uasset" 212
"../../../Engine/Content/EngineDamageTypes/DmgTypeBP_Environmental.uasset" 213
"../../../Engine/Content/EngineDebugMaterials/HeatmapGradient.uasset" 214
"../../../Engine/Content/EngineDebugMaterials/BoneWeightMaterial.uasset" 215
"../../../Engine/Content/EngineDebugMaterials/ClothMaterial.uasset" 216
"../../../Engine/Content/EngineDebugMaterials/ClothMaterial_WF.uasset" 217
"../../../Engine/Content/EngineDebugMaterials/DebugEditorMaterial.uasset" 218
"../../../Engine/Content/EngineDebugMaterials/DebugMeshMaterial.uasset" 219
"../../../Engine/Content/EngineDebugMaterials/GeomMaterial.uasset" 220
"../../../Engine/Content/EngineDebugMaterials/M_SimpleTranslucent.uasset" 221
"../../../Engine/Content/EngineFonts/Faces/RobotoBold.uasset" 222
"../../../Engine/Content/EngineFonts/Faces/RobotoBoldItalic.uasset" 223
"../../../Engine/Content/EngineFonts/Faces/RobotoItalic.uasset" 224
"../../../Engine/Content/EngineFonts/Faces/RobotoLight.uasset" 225
"../../../Engine/Content/EngineFonts/Faces/RobotoRegular.uasset" 226
"../../../Engine/Content/EngineFonts/Roboto.uasset" 227
"../../../Engine/Content/EngineFonts/Faces/RobotoTiny.uasset" 228
"../../../Engine/Content/EngineFonts/RobotoTiny.uasset" 229
"../../../Engine/Content/EngineMaterials/BaseFlattenDiffuseMap.uasset" 230
"../../../Engine/Content/EngineMaterials/BaseFlattenEmissiveMap.uasset" 231
"../../../Engine/Content/EngineMaterials/BaseFlattenGrayscaleMap.uasset" 232
"../../../Engine/Content/EngineMaterials/BaseFlattenNormalMap.uasset" 233
"../../../Engine/Content/EngineMaterials/BaseFlattenMaterial.uasset" 234
"../../../Engine/Content/EngineMaterials/DefaultBloomKernel.uasset" 235
"../../../Engine/Content/EngineMaterials/DefaultBokeh.uasset" 236
"../../../Engine/Content/EngineMaterials/DefaultDiffuse.uasset" 237
"../../../Engine/Content/EngineMaterials/DefaultDeferredDecalMaterial.uasset" 238
"../../../Engine/Content/EngineMaterials/DefaultLightFunctionMaterial.uasset" 239
"../../../Engine/Content/EngineMaterials/DefaultPhysicalMaterial.uasset" 240
"../../../Engine/Content/Functions/Engine_MaterialFunctions02/Utility/BreakOutFloat2Components.uasset" 241
"../../../Engine/Content/EngineMaterials/DefaultPostProcessMaterial.uasset" 242
"../../../Engine/Content/EngineFonts/RobotoDistanceField.uasset" 243
"../../../Engine/Content/EngineMaterials/DefaultTextMaterialOpaque.uasset" 244
"../../../Engine/Content/EngineMaterials/DefaultWhiteGrid.uasset" 245
"../../../Engine/Content/EngineMaterials/EditorBrushMaterial.uasset" 246
"../../../Engine/Content/EngineMaterials/Good64x64TilingNoiseHighFreq.uasset" 247
"../../../Engine/Content/EngineMaterials/MiniFont.uasset" 248
"../../../Engine/Content/EngineMaterials/InvalidLightmapSettings.uasset" 249
"../../../Engine/Content/EngineMaterials/M_InvalidLightmapSettings.uasset" 250
"../../../Engine/Content/Functions/Engine_MaterialFunctions02/WorldPositionOffset/CameraOffset.uasset" 251
"../../../Engine/Content/EngineMaterials/PhAT_JointLimitMaterial.uasset" 252
"../../../Engine/Content/EngineMaterials/PreintegratedSkinBRDF.uasset" 253
"../../../Engine/Content/EngineMaterials/RemoveSurfaceMaterial.uasset" 254
"../../../Engine/Content/EngineMaterials/WeightMapPlaceholderTexture.uasset" 255
"../../../Engine/Content/EngineResources/WhiteSquareTexture.uasset" 256
"../../../Engine/Content/EngineMaterials/Widget3DPassThrough.uasset" 257
"../../../Engine/Content/EngineMaterials/Widget3DPassThrough_Masked.uasset" 258
"../../../Engine/Content/EngineMaterials/Widget3DPassThrough_Opaque.uasset" 259
"../../../Engine/Content/EngineMaterials/Widget3DPassThrough_Masked_OneSided.uasset" 260
"../../../Engine/Content/EngineMaterials/Widget3DPassThrough_Opaque_OneSided.uasset" 261
"../../../Engine/Content/EngineMaterials/Widget3DPassThrough_Translucent.uasset" 262
"../../../Engine/Content/EngineMaterials/Widget3DPassThrough_Translucent_OneSided.uasset" 263
"../../../Engine/Content/EngineMeshes/Cylinder.uasset" 264
"../../../Engine/Content/EngineMeshes/Sphere.uasset" 265
"../../../Engine/Content/EngineResources/Black.uasset" 266
"../../../Engine/Content/EngineResources/DefaultTexture.uasset" 267
"../../../Engine/Content/EngineResources/DefaultTextureCube.uasset" 268
"../../../Engine/Content/EngineResources/DefaultVolumeTexture2D.uasset" 269
"../../../Engine/Content/EngineResources/DefaultVolumeTexture.uasset" 270
"../../../Engine/Content/EngineResources/GradientTexture0.uasset" 271
"../../../Engine/Content/EngineSounds/Master.uasset" 272
"../../../Engine/Content/Functions/Engine_MaterialFunctions01/Shading/ConvertFromDiffSpec.uasset" 273
"../../../Engine/Content/Functions/Engine_MaterialFunctions01/Shading/PowerToRoughness.uasset" 274
"../../../Engine/Content/Maps/Templates/Thumbnails/Default.uasset" 275
"../../../Engine/Content/Maps/Templates/Thumbnails/VR-Basic.uasset" 276
"../../../Engine/Content/MobileResources/T_MobileControls_texture.uasset" 277
"../../../Engine/Content/MobileResources/T_MobileMenu2.uasset" 278
"../../../Engine/Content/MobileResources/HUD/AnalogHat.uasset" 279
"../../../Engine/Content/MobileResources/HUD/VirtualJoystick_Background.uasset" 280
"../../../Engine/Content/MobileResources/HUD/VirtualJoystick_Thumb.uasset" 281
"../../../Engine/Content/MobileResources/HUD/DefaultVirtualJoysticks.uasset" 282
"../../../Engine/Content/MobileResources/HUD/LeftVirtualJoystickOnly.uasset" 283
"../../../Engine/Content/MobileResources/HUD/MobileHUDButton1_off.uasset" 284
"../../../Engine/Content/MobileResources/HUD/MobileHUDButton1_on.uasset" 285
"../../../Engine/Content/MobileResources/HUD/MobileHUDButton2_off.uasset" 286
"../../../Engine/Content/MobileResources/HUD/MobileHUDButton2_on.uasset" 287
"../../../Engine/Content/MobileResources/HUD/MobileHUDButton3.uasset" 288
"../../../Engine/Content/MobileResources/HUD/MobileHUDButtonFire.uasset" 289
"../../../Engine/Content/MobileResources/HUD/MobileHUDDirectionPad.uasset" 290
"../../../Engine/Content/MobileResources/HUD/MobileHUDDirectionPad2.uasset" 291
"../../../Engine/Content/MobileResources/HUD/MobileHUDDirectionPad3.uasset" 292
"../../../Engine/Content/MobileResources/HUD/MobileHUDDirectionStick.uasset" 293
"../../../Engine/Content/MobileResources/HUD/T_Castle_ThumbstickInner.uasset" 294
"../../../Engine/Content/MobileResources/HUD/T_Castle_ThumbstickOutter.uasset" 295
"../../../Engine/Content/Tutorial/ContentIntroCurve.uasset" 296
"../../../Engine/Content/Tutorial/Basics/LevelEditorAttract.uasset" 297
"../../../Engine/Content/VREditor/LaserPointer/VR_LaserPower_01.uasset" 298
"../../../Engine/Content/VREditor/TransformGizmo/TransformGizmoMaterial.uasset" 299
"../../../Engine/Content/VREditor/TransformGizmo/TranslucentTransformGizmoMaterial.uasset" 300
"../../../Engine/Content/VREditor/TransformGizmo/BoundingBoxCorner.uasset" 301
"../../../Engine/Content/VREditor/TransformGizmo/BoundingBoxEdge.uasset" 302
"../../../Engine/Content/VREditor/TransformGizmo/PlaneTranslationHandle.uasset" 303
"../../../Engine/Content/VREditor/TransformGizmo/Main.uasset" 304
"../../../Engine/Content/VREditor/TransformGizmo/Xray.uasset" 305
"../../../Engine/Content/VREditor/TransformGizmo/SM_Sequencer_Key.uasset" 306
"../../../Engine/Content/VREditor/TransformGizmo/SM_Sequencer_Node.uasset" 307
"../../Plugins/2D/Paper2D/Content/PlaceholderTextures/DummySpriteTexture.uasset" 308
"../../Plugins/2D/Paper2D/Content/DummySprite.uasset" 309
"../../Plugins/2D/Paper2D/Content/DefaultPaperTerrainMaterial.uasset" 310
"../../Plugins/2D/Paper2D/Content/DummySpriteTexture.uasset" 311
"../../Plugins/2D/Paper2D/Content/DefaultSpriteMaterial.uasset" 312
"../../Plugins/2D/Paper2D/Content/MaskedUnlitSpriteMaterial.uasset" 313
"../../Plugins/2D/Paper2D/Content/OpaqueUnlitSpriteMaterial.uasset" 314
"../../Plugins/Runtime/Oculus/OculusVR/Content/OculusMR_RenderTarget.uasset" 315
"../../../Engine/Content/Functions/Engine_MaterialFunctions02/Utility/BreakOutFloat4Components.uasset" 316
"../../../Engine/Content/Functions/Engine_MaterialFunctions02/Utility/MakeFloat2.uasset" 317
"../../../Engine/Content/Functions/Engine_MaterialFunctions02/Utility/MakeFloat3.uasset" 318
"../../Plugins/Runtime/Oculus/OculusVR/Content/Materials/OculusMR_ChromaKey.uasset" 319
"../../Plugins/Runtime/Oculus/OculusVR/Content/Materials/OculusMR_ChromaKey_Lit.uasset" 320
"../../Plugins/Runtime/Oculus/OculusVR/Content/Materials/OculusMR_OpaqueColoredMaterial.uasset" 321
"../../Plugins/Runtime/Oculus/OculusVR/Content/Materials/OculusMR_WhiteMaterial.uasset" 322
"../../Plugins/Runtime/Oculus/OculusVR/Content/Materials/PokeAHoleMaterial.uasset" 323
"../../Plugins/Runtime/Oculus/OculusVR/Content/Textures/GearVRController_AO.uasset" 324
"../../Plugins/Runtime/Oculus/OculusVR/Content/Textures/GearVRController_Color.uasset" 325
"../../Plugins/Runtime/Oculus/OculusVR/Content/Textures/GearVRController_Normal.uasset" 326
"../../Plugins/Runtime/Oculus/OculusVR/Content/Materials/GearVRControllerMaterial.uasset" 327
"../../Plugins/Runtime/Oculus/OculusVR/Content/Meshes/GearVrController.uasset" 328
"../../Plugins/Runtime/Oculus/OculusVR/Content/Textures/touchController_albedo.uasset" 329
"../../Plugins/Runtime/Oculus/OculusVR/Content/Textures/touchController_controlmap.uasset" 330
"../../Plugins/Runtime/Oculus/OculusVR/Content/Materials/touchController_mat.uasset" 331
"../../Plugins/Runtime/Oculus/OculusVR/Content/Meshes/LeftTouchController.uasset" 332
"../../Plugins/Runtime/Oculus/OculusVR/Content/Meshes/RiftHMD.uasset" 333
"../../Plugins/Runtime/Oculus/OculusVR/Content/Meshes/RightTouchController.uasset" 334
"../../../Engine/Content/EngineSky/C_Sky_Cloud_Color.uasset" 335
"../../../Engine/Content/EngineSky/C_Sky_Horizon_Color.uasset" 336
"../../../Engine/Content/EngineSky/C_Sky_Zenith_Color.uasset" 337
"../../../Engine/Content/EngineSky/T_Sky_Blue.uasset" 338
"../../../Engine/Content/EngineSky/T_Sky_Clouds_M.uasset" 339
"../../../Engine/Content/EngineSky/T_Sky_Stars.uasset" 340
"../../../Engine/Content/EngineSky/M_Sky_Panning_Clouds2.uasset" 341
"../../../Engine/Content/EngineSky/SM_SkySphere.uasset" 342
"../../../Engine/Content/EngineSky/BP_Sky_Sphere.uasset" 343
"../../../../../../Users/Foge/Documents/Unreal Projects/GAS/Content/Gameplay/Characters/GAS_CharacterBase.uasset" 344
"../../../../../../Users/Foge/Documents/Unreal Projects/GAS/Content/Gameplay/Characters/Hero/Animations/GAS_Hero_ABP.uasset" 345
"../../../../../../Users/Foge/Documents/Unreal Projects/GAS/Content/Gameplay/Abilities/GA_AbilityBase.uasset" 346
"../../../../../../Users/Foge/Documents/Unreal Projects/GAS/Content/Gameplay/Characters/Hero/Animations/Hero_attacks_punch2.uasset" 347
"../../../../../../Users/Foge/Documents/Unreal Projects/GAS/Content/Gameplay/Characters/Hero/Animations/Hero_attacks_punch2_Montage.uasset" 348
"../../../../../../Users/Foge/Documents/Unreal Projects/GAS/Content/Gameplay/Abilities/GA_AbilityBase_Melee.uasset" 349
"../../../../../../Users/Foge/Documents/Unreal Projects/GAS/Content/Mannequin/Character/Materials/MaterialLayers/T_ML_Rubber_Blue_01_D.uasset" 350
"../../../../../../Users/Foge/Documents/Unreal Projects/GAS/Content/Mannequin/Character/Materials/MaterialLayers/T_ML_Rubber_Blue_01_N.uasset" 351
"../../../../../../Users/Foge/Documents/Unreal Projects/GAS/Content/Mannequin/Character/Materials/MaterialLayers/ML_GlossyBlack_Latex_UE4.uasset" 352
"../../../../../../Users/Foge/Documents/Unreal Projects/GAS/Content/Mannequin/Character/Materials/MaterialLayers/ML_Plastic_Shiny_Beige.uasset" 353
"../../../../../../Users/Foge/Documents/Unreal Projects/GAS/Content/Mannequin/Character/Textures/UE4_LOGO_CARD.uasset" 354
"../../../../../../Users/Foge/Documents/Unreal Projects/GAS/Content/Mannequin/Character/Materials/MaterialLayers/ML_Plastic_Shiny_Beige_LOGO.uasset" 355
"../../../../../../Users/Foge/Documents/Unreal Projects/GAS/Content/Mannequin/Character/Materials/MaterialLayers/T_ML_Aluminum01.uasset" 356
"../../../../../../Users/Foge/Documents/Unreal Projects/GAS/Content/Mannequin/Character/Materials/MaterialLayers/T_ML_Aluminum01_N.uasset" 357
"../../../../../../Users/Foge/Documents/Unreal Projects/GAS/Content/Mannequin/Character/Materials/MaterialLayers/ML_SoftMetal_UE4.uasset" 358
"../../../../../../Users/Foge/Documents/Unreal Projects/GAS/Content/Mannequin/Character/Textures/UE4_Mannequin__normals.uasset" 359
"../../../../../../Users/Foge/Documents/Unreal Projects/GAS/Content/Mannequin/Character/Textures/UE4_Mannequin_MAT_MASKA.uasset" 360
"../../../../../../Users/Foge/Documents/Unreal Projects/GAS/Content/Mannequin/Character/Materials/M_UE4Man_Body.uasset" 361
"../../../../../../Users/Foge/Documents/Unreal Projects/GAS/Content/Mannequin/Character/Textures/UE4Man_Logo_N.uasset" 362
"../../../../../../Users/Foge/Documents/Unreal Projects/GAS/Content/Mannequin/Character/Materials/M_UE4Man_ChestLogo.uasset" 363
"../../../../../../Users/Foge/Documents/Unreal Projects/GAS/Content/Mannequin/Character/Mesh/SK_Mannequin_PhysicsAsset.uasset" 364
"../../../../../../Users/Foge/Documents/Unreal Projects/GAS/Content/Mannequin/Character/Mesh/SK_Mannequin.uasset" 365
"../../../../../../Users/Foge/Documents/Unreal Projects/GAS/Content/Gameplay/Characters/GAS_Character_Specific.uasset" 366
"../../../../../../Users/Foge/Documents/Unreal Projects/GAS/Content/Gameplay/UI/DebugMenu/MenuContents/DebugMenu_Menu_Gameplay_Input.uasset" 367
"../../../../../../Users/Foge/Documents/Unreal Projects/GAS/Content/Gameplay/UI/DebugMenu/MenuContents/DebugMenu_Menu_Gameplay.uasset" 368
"../../../../../../Users/Foge/Documents/Unreal Projects/GAS/Content/Gameplay/UI/DebugMenu/MenuContents/DebugMenu_Menu_Root.uasset" 369
"../../../../../../Users/Foge/Documents/Unreal Projects/GAS/Content/Gameplay/UI/DebugMenu/DebugMenu_Breadcrumb.uasset" 370
"../../../../../../Users/Foge/Documents/Unreal Projects/GAS/Content/Gameplay/UI/DebugMenu/DebugMenu_Item_Checkbox.uasset" 371
"../../../../../../Users/Foge/Documents/Unreal Projects/GAS/Content/Gameplay/UI/DebugMenu/DebugMenu_Item.uasset" 372
"../../../../../../Users/Foge/Documents/Unreal Projects/GAS/Content/Gameplay/UI/DebugMenu/DebugMenu_Main.uasset" 373
"../../../../../../Users/Foge/Documents/Unreal Projects/GAS/Content/Gameplay/Utility/CheatManager_DebugMenu.uasset" 374
"../../../../../../Users/Foge/Documents/Unreal Projects/GAS/Content/Gameplay/Characters/GAS_ControllerBase.uasset" 375
"../../../../../../Users/Foge/Documents/Unreal Projects/GAS/Content/Gameplay/GAS_BasicGameMode.uasset" 376
"../../../../../../Users/Foge/Documents/Unreal Projects/GAS/Content/Maps/ThirdPersonExampleMap_BuiltData.uasset" 377
"../../../../../../Users/Foge/Documents/Unreal Projects/GAS/Content/Geometry/Meshes/CubeMaterial.uasset" 378
"../../../../../../Users/Foge/Documents/Unreal Projects/GAS/Content/Geometry/Meshes/1M_Cube.uasset" 379
"../../../../../../Users/Foge/Documents/Unreal Projects/GAS/Content/Geometry/Meshes/1M_Cube_Chamfer.uasset" 380
"../../../../../../Users/Foge/Documents/Unreal Projects/GAS/Content/Geometry/Meshes/TemplateFloor.uasset" 381
"../../../../../../Users/Foge/Documents/Unreal Projects/GAS/Content/ThirdPerson/Meshes/RampMaterial.uasset" 382
"../../../../../../Users/Foge/Documents/Unreal Projects/GAS/Content/ThirdPerson/Meshes/Bump_StaticMesh.uasset" 383
"../../../../../../Users/Foge/Documents/Unreal Projects/GAS/Content/ThirdPerson/Meshes/LeftArm_StaticMesh.uasset" 384
"../../../../../../Users/Foge/Documents/Unreal Projects/GAS/Content/ThirdPerson/Meshes/Linear_Stair_StaticMesh.uasset" 385
"../../../../../../Users/Foge/Documents/Unreal Projects/GAS/Content/ThirdPerson/Meshes/Ramp_StaticMesh.uasset" 386
"../../../../../../Users/Foge/Documents/Unreal Projects/GAS/Content/ThirdPerson/Meshes/RightArm_StaticMesh.uasset" 387
"../../../../../../Users/Foge/Documents/Unreal Projects/GAS/Content/Maps/ThirdPersonExampleMap.umap" 388
"../../../../../../Users/Foge/Documents/Unreal Projects/GAS/Content/StarterContent/Blueprints/Assets/FogBrightnessLUT.uasset" 389
"../../../../../../Users/Foge/Documents/Unreal Projects/GAS/Content/StarterContent/Blueprints/Assets/SunlightColorLUT.uasset" 390
"../../../../../../Users/Foge/Documents/Unreal Projects/GAS/Content/StarterContent/Blueprints/Assets/M_LightStage_Arrows.uasset" 391
"../../../Engine/Content/MapTemplates/Sky/DaylightAmbientCubemap.uasset" 392
"../../../../../../Users/Foge/Documents/Unreal Projects/GAS/Content/StarterContent/Blueprints/Assets/M_LightStage_Skybox_Master.uasset" 393
"../../../../../../Users/Foge/Documents/Unreal Projects/GAS/Content/StarterContent/Blueprints/Assets/M_LightStage_Skybox_Black.uasset" 394
"../../../../../../Users/Foge/Documents/Unreal Projects/GAS/Content/StarterContent/Blueprints/Assets/M_LightStage_Skybox_HDRI.uasset" 395
"../../../Engine/Content/EditorMaterials/Thumbnails/SkySphereMaterial.uasset" 396
"../../../../../../Users/Foge/Documents/Unreal Projects/GAS/Content/StarterContent/Blueprints/Assets/Skybox.uasset" 397
"../../../../../../Users/Foge/Documents/Unreal Projects/GAS/Content/StarterContent/Blueprints/Assets/SM_Arrows.uasset" 398
"../../../../../../Users/Foge/Documents/Unreal Projects/GAS/Content/StarterContent/HDRI/HDRI_Epic_Courtyard_Daylight.uasset" 399
"../../../../../../Users/Foge/Documents/Unreal Projects/GAS/Content/StarterContent/Blueprints/BP_LightStudio.uasset" 400
"../../../../../../Users/Foge/Documents/Unreal Projects/GAS/Content/StarterContent/Maps/Advanced_Lighting_BuiltData.uasset" 401
"../../../../../../Users/Foge/Documents/Unreal Projects/GAS/Content/StarterContent/Materials/M_AssetPlatform.uasset" 402
"../../../Engine/Content/EditorMeshes/ColorCalibrator/M_ChromeBall.uasset" 403
"../../../Engine/Content/EditorMeshes/ColorCalibrator/M_ClearCoat.uasset" 404
"../../../Engine/Content/EditorMeshes/ColorCalibrator/M_ClearCoatBlack.uasset" 405
"../../../Engine/Content/EditorMeshes/ColorCalibrator/Color_checker.uasset" 406
"../../../Engine/Content/EditorMeshes/ColorCalibrator/M_ColorGrid.uasset" 407
"../../../Engine/Content/EditorMeshes/ColorCalibrator/M_GreyBall.uasset" 408
"../../../Engine/Content/EditorMeshes/ColorCalibrator/SM_ColorCalibrator.uasset" 409
"../../../../../../Users/Foge/Documents/Unreal Projects/GAS/Content/StarterContent/Architecture/SM_AssetPlatform.uasset" 410
"../../../../../../Users/Foge/Documents/Unreal Projects/GAS/Content/StarterContent/Maps/Advanced_Lighting.umap" 411
"../../../../../../Users/Foge/Documents/Unreal Projects/GAS/Content/StarterContent/Maps/Minimal_Default_BuiltData.uasset" 412
"../../../../../../Users/Foge/Documents/Unreal Projects/GAS/Content/StarterContent/Textures/T_MacroVariation.uasset" 413
"../../../../../../Users/Foge/Documents/Unreal Projects/GAS/Content/StarterContent/Materials/M_Metal_Brushed_Nickel.uasset" 414
"../../../../../../Users/Foge/Documents/Unreal Projects/GAS/Content/StarterContent/Textures/T_Metal_Aluminum_D.uasset" 415
"../../../../../../Users/Foge/Documents/Unreal Projects/GAS/Content/StarterContent/Textures/T_Metal_Gold_N.uasset" 416
"../../../../../../Users/Foge/Documents/Unreal Projects/GAS/Content/StarterContent/Materials/M_Metal_Burnished_Steel.uasset" 417
"../../../../../../Users/Foge/Documents/Unreal Projects/GAS/Content/StarterContent/Textures/T_Metal_Copper_D.uasset" 418
"../../../../../../Users/Foge/Documents/Unreal Projects/GAS/Content/StarterContent/Materials/M_Metal_Copper.uasset" 419
"../../../../../../Users/Foge/Documents/Unreal Projects/GAS/Content/StarterContent/Textures/T_Statue_M.uasset" 420
"../../../../../../Users/Foge/Documents/Unreal Projects/GAS/Content/StarterContent/Textures/T_Statue_N.uasset" 421
"../../../../../../Users/Foge/Documents/Unreal Projects/GAS/Content/StarterContent/Props/Materials/M_StatueGlass.uasset" 422
"../../../../../../Users/Foge/Documents/Unreal Projects/GAS/Content/StarterContent/Architecture/Floor_400x400.uasset" 423
"../../../../../../Users/Foge/Documents/Unreal Projects/GAS/Content/StarterContent/Audio/Starter_Background_Cue.uasset" 424
"../../../../../../Users/Foge/Documents/Unreal Projects/GAS/Content/StarterContent/Props/SM_Chair.uasset" 425
"../../../../../../Users/Foge/Documents/Unreal Projects/GAS/Content/StarterContent/Props/Materials/M_Statue.uasset" 426
"../../../../../../Users/Foge/Documents/Unreal Projects/GAS/Content/StarterContent/Props/SM_Statue.uasset" 427
"../../../../../../Users/Foge/Documents/Unreal Projects/GAS/Content/StarterContent/Textures/T_TableRound_M.uasset" 428
"../../../../../../Users/Foge/Documents/Unreal Projects/GAS/Content/StarterContent/Textures/T_TableRound_N.uasset" 429
"../../../../../../Users/Foge/Documents/Unreal Projects/GAS/Content/StarterContent/Props/Materials/M_TableRound.uasset" 430
"../../../../../../Users/Foge/Documents/Unreal Projects/GAS/Content/StarterContent/Props/SM_TableRound.uasset" 431
"../../../../../../Users/Foge/Documents/Unreal Projects/GAS/Content/StarterContent/Maps/Minimal_Default.umap" 432
"../../../../../../Users/Foge/Documents/Unreal Projects/GAS/Content/StarterContent/Audio/Fire01_Cue.uasset" 433
"../../../../../../Users/Foge/Documents/Unreal Projects/GAS/Content/StarterContent/Textures/T_Fire_SubUV.uasset" 434
"../../../../../../Users/Foge/Documents/Unreal Projects/GAS/Content/StarterContent/Textures/T_Fire_Tiled_D.uasset" 435
"../../../../../../Users/Foge/Documents/Unreal Projects/GAS/Content/StarterContent/Particles/Materials/M_Fire_SubUV.uasset" 436
"../../../../../../Users/Foge/Documents/Unreal Projects/GAS/Content/StarterContent/Textures/T_Water_N.uasset" 437
"../../../../../../Users/Foge/Documents/Unreal Projects/GAS/Content/StarterContent/Particles/Materials/M_Heat_Distortion.uasset" 438
"../../../../../../Users/Foge/Documents/Unreal Projects/GAS/Content/StarterContent/Particles/Materials/M_Radial_Gradient.uasset" 439
"../../../../../../Users/Foge/Documents/Unreal Projects/GAS/Content/StarterContent/Particles/P_Fire.uasset" 440
"../../../../../../Users/Foge/Documents/Unreal Projects/GAS/Content/StarterContent/Blueprints/Blueprint_Effect_Fire.uasset" 441
"../../../../../../Users/Foge/Documents/Unreal Projects/GAS/Content/StarterContent/Audio/Smoke01_Cue.uasset" 442
"../../../../../../Users/Foge/Documents/Unreal Projects/GAS/Content/StarterContent/Particles/P_Smoke.uasset" 443
"../../../../../../Users/Foge/Documents/Unreal Projects/GAS/Content/StarterContent/Blueprints/Blueprint_Effect_Smoke.uasset" 444
"../../../../../../Users/Foge/Documents/Unreal Projects/GAS/Content/StarterContent/Audio/Fire_Sparks01_Cue.uasset" 445
"../../../../../../Users/Foge/Documents/Unreal Projects/GAS/Content/StarterContent/Textures/T_Spark_Core.uasset" 446
"../../../../../../Users/Foge/Documents/Unreal Projects/GAS/Content/StarterContent/Particles/Materials/M_Spark.uasset" 447
"../../../../../../Users/Foge/Documents/Unreal Projects/GAS/Content/StarterContent/Particles/P_Sparks.uasset" 448
"../../../../../../Users/Foge/Documents/Unreal Projects/GAS/Content/StarterContent/Blueprints/Blueprint_Effect_Sparks.uasset" 449
"../../../../../../Users/Foge/Documents/Unreal Projects/GAS/Content/StarterContent/Audio/Steam01_Cue.uasset" 450
"../../../../../../Users/Foge/Documents/Unreal Projects/GAS/Content/StarterContent/Particles/P_Steam_Lit.uasset" 451
"../../../../../../Users/Foge/Documents/Unreal Projects/GAS/Content/StarterContent/Blueprints/Blueprint_Effect_Steam.uasset" 452
"../../../../../../Users/Foge/Documents/Unreal Projects/GAS/Content/StarterContent/Textures/T_Lamp_M.uasset" 453
"../../../../../../Users/Foge/Documents/Unreal Projects/GAS/Content/StarterContent/Textures/T_Lamp_N.uasset" 454
"../../../../../../Users/Foge/Documents/Unreal Projects/GAS/Content/StarterContent/Props/Materials/M_Lamp.uasset" 455
"../../../../../../Users/Foge/Documents/Unreal Projects/GAS/Content/StarterContent/Props/SM_Lamp_Ceiling.uasset" 456
"../../../../../../Users/Foge/Documents/Unreal Projects/GAS/Content/StarterContent/Blueprints/Blueprint_CeilingLight.uasset" 457
"../../../../../../Users/Foge/Documents/Unreal Projects/GAS/Content/StarterContent/Props/SM_Lamp_Wall.uasset" 458
"../../../../../../Users/Foge/Documents/Unreal Projects/GAS/Content/StarterContent/Blueprints/Blueprint_WallSconce.uasset" 459
"../../../../../../Users/Foge/Documents/Unreal Projects/GAS/Content/StarterContent/Maps/StarterMap_BuiltData.uasset" 460
"../../../Engine/Content/Functions/Engine_MaterialFunctions03/Procedurals/ComputeFilterWidth.uasset" 461
"../../../Engine/Content/EngineMaterials/AntiAliasedTextMaterialTranslucent.uasset" 462
"../../../../../../Users/Foge/Documents/Unreal Projects/GAS/Content/StarterContent/Textures/T_Brick_Clay_Beveled_D.uasset" 463
"../../../../../../Users/Foge/Documents/Unreal Projects/GAS/Content/StarterContent/Textures/T_Brick_Clay_Beveled_M.uasset" 464
"../../../../../../Users/Foge/Documents/Unreal Projects/GAS/Content/StarterContent/Textures/T_Brick_Clay_Beveled_N.uasset" 465
"../../../../../../Users/Foge/Documents/Unreal Projects/GAS/Content/StarterContent/Materials/M_Brick_Clay_Beveled.uasset" 466
"../../../../../../Users/Foge/Documents/Unreal Projects/GAS/Content/StarterContent/Textures/T_Brick_Clay_New_D.uasset" 467
"../../../../../../Users/Foge/Documents/Unreal Projects/GAS/Content/StarterContent/Textures/T_Brick_Clay_New_M.uasset" 468
"../../../../../../Users/Foge/Documents/Unreal Projects/GAS/Content/StarterContent/Textures/T_Brick_Clay_New_N.uasset" 469
"../../../../../../Users/Foge/Documents/Unreal Projects/GAS/Content/StarterContent/Materials/M_Brick_Clay_New.uasset" 470
"../../../../../../Users/Foge/Documents/Unreal Projects/GAS/Content/StarterContent/Textures/T_Brick_Clay_Old_D.uasset" 471
"../../../../../../Users/Foge/Documents/Unreal Projects/GAS/Content/StarterContent/Textures/T_Brick_Clay_Old_N.uasset" 472
"../../../../../../Users/Foge/Documents/Unreal Projects/GAS/Content/StarterContent/Textures/T_Perlin_Noise_M.uasset" 473
"../../../../../../Users/Foge/Documents/Unreal Projects/GAS/Content/StarterContent/Materials/M_Brick_Clay_Old.uasset" 474
"../../../../../../Users/Foge/Documents/Unreal Projects/GAS/Content/StarterContent/Textures/T_Brick_Cut_Stone_D.uasset" 475
"../../../../../../Users/Foge/Documents/Unreal Projects/GAS/Content/StarterContent/Textures/T_Brick_Cut_Stone_N.uasset" 476
"../../../../../../Users/Foge/Documents/Unreal Projects/GAS/Content/StarterContent/Materials/M_Brick_Cut_Stone.uasset" 477
"../../../../../../Users/Foge/Documents/Unreal Projects/GAS/Content/StarterContent/Textures/T_Brick_Hewn_Stone_D.uasset" 478
"../../../../../../Users/Foge/Documents/Unreal Projects/GAS/Content/StarterContent/Textures/T_Brick_Hewn_Stone_M.uasset" 479
"../../../../../../Users/Foge/Documents/Unreal Projects/GAS/Content/StarterContent/Textures/T_Brick_Hewn_Stone_N.uasset" 480
"../../../../../../Users/Foge/Documents/Unreal Projects/GAS/Content/StarterContent/Materials/M_Brick_Hewn_Stone.uasset" 481
"../../../../../../Users/Foge/Documents/Unreal Projects/GAS/Content/StarterContent/Textures/T_Ceramic_Tile_M.uasset" 482
"../../../../../../Users/Foge/Documents/Unreal Projects/GAS/Content/StarterContent/Textures/T_Ceramic_Tile_N.uasset" 483
"../../../../../../Users/Foge/Documents/Unreal Projects/GAS/Content/StarterContent/Textures/T_Rock_Marble_Polished_D.uasset" 484
"../../../../../../Users/Foge/Documents/Unreal Projects/GAS/Content/StarterContent/Materials/M_Ceramic_Tile_Checker.uasset" 485
"../../../../../../Users/Foge/Documents/Unreal Projects/GAS/Content/StarterContent/Textures/T_CobbleStone_Pebble_D.uasset" 486
"../../../../../../Users/Foge/Documents/Unreal Projects/GAS/Content/StarterContent/Textures/T_CobbleStone_Pebble_M.uasset" 487
"../../../../../../Users/Foge/Documents/Unreal Projects/GAS/Content/StarterContent/Textures/T_CobbleStone_Pebble_N.uasset" 488
"../../../../../../Users/Foge/Documents/Unreal Projects/GAS/Content/StarterContent/Materials/M_CobbleStone_Pebble.uasset" 489
"../../../../../../Users/Foge/Documents/Unreal Projects/GAS/Content/StarterContent/Textures/T_CobbleStone_Rough_D.uasset" 490
"../../../../../../Users/Foge/Documents/Unreal Projects/GAS/Content/StarterContent/Textures/T_CobbleStone_Rough_N.uasset" 491
"../../../../../../Users/Foge/Documents/Unreal Projects/GAS/Content/StarterContent/Textures/T_Gradinet_01.uasset" 492
"../../../../../../Users/Foge/Documents/Unreal Projects/GAS/Content/StarterContent/Textures/T_Rock_Smooth_Granite_D.uasset" 493
"../../../../../../Users/Foge/Documents/Unreal Projects/GAS/Content/StarterContent/Materials/M_CobbleStone_Rough.uasset" 494
"../../../../../../Users/Foge/Documents/Unreal Projects/GAS/Content/StarterContent/Textures/T_CobbleStone_Smooth_D.uasset" 495
"../../../../../../Users/Foge/Documents/Unreal Projects/GAS/Content/StarterContent/Textures/T_CobbleStone_Smooth_M.uasset" 496
"../../../../../../Users/Foge/Documents/Unreal Projects/GAS/Content/StarterContent/Textures/T_CobbleStone_Smooth_N.uasset" 497
"../../../../../../Users/Foge/Documents/Unreal Projects/GAS/Content/StarterContent/Materials/M_CobbleStone_Smooth.uasset" 498
"../../../../../../Users/Foge/Documents/Unreal Projects/GAS/Content/StarterContent/Textures/T_Concrete_Grime_D.uasset" 499
"../../../../../../Users/Foge/Documents/Unreal Projects/GAS/Content/StarterContent/Textures/T_Metal_Rust_N.uasset" 500
"../../../../../../Users/Foge/Documents/Unreal Projects/GAS/Content/StarterContent/Materials/M_Concrete_Grime.uasset" 501
"../../../../../../Users/Foge/Documents/Unreal Projects/GAS/Content/StarterContent/Textures/T_Concrete_Panels_D.uasset" 502
"../../../../../../Users/Foge/Documents/Unreal Projects/GAS/Content/StarterContent/Textures/T_Concrete_Panels_N.uasset" 503
"../../../../../../Users/Foge/Documents/Unreal Projects/GAS/Content/StarterContent/Materials/M_Concrete_Panels.uasset" 504
"../../../../../../Users/Foge/Documents/Unreal Projects/GAS/Content/StarterContent/Textures/T_Concrete_Poured_D.uasset" 505
"../../../../../../Users/Foge/Documents/Unreal Projects/GAS/Content/StarterContent/Textures/T_Concrete_Poured_N.uasset" 506
"../../../../../../Users/Foge/Documents/Unreal Projects/GAS/Content/StarterContent/Materials/M_Concrete_Poured.uasset" 507
"../../../../../../Users/Foge/Documents/Unreal Projects/GAS/Content/StarterContent/Textures/T_Concrete_Tiles_D.uasset" 508
"../../../../../../Users/Foge/Documents/Unreal Projects/GAS/Content/StarterContent/Textures/T_Concrete_Tiles_M.uasset" 509
"../../../../../../Users/Foge/Documents/Unreal Projects/GAS/Content/StarterContent/Textures/T_Concrete_Tiles_N.uasset" 510
"../../../../../../Users/Foge/Documents/Unreal Projects/GAS/Content/StarterContent/Textures/T_Concrete_Tiles_Variation_M.uasset" 511
"../../../../../../Users/Foge/Documents/Unreal Projects/GAS/Content/StarterContent/Materials/M_Concrete_Tiles.uasset" 512
"../../../../../../Users/Foge/Documents/Unreal Projects/GAS/Content/StarterContent/Textures/T_Ground_Grass_D.uasset" 513
"../../../../../../Users/Foge/Documents/Unreal Projects/GAS/Content/StarterContent/Textures/T_Ground_Grass_N.uasset" 514
"../../../../../../Users/Foge/Documents/Unreal Projects/GAS/Content/StarterContent/Materials/M_Ground_Grass.uasset" 515
"../../../../../../Users/Foge/Documents/Unreal Projects/GAS/Content/StarterContent/Textures/T_Ground_Gravel_D.uasset" 516
"../../../../../../Users/Foge/Documents/Unreal Projects/GAS/Content/StarterContent/Textures/T_Ground_Gravel_N.uasset" 517
"../../../../../../Users/Foge/Documents/Unreal Projects/GAS/Content/StarterContent/Materials/M_Ground_Gravel.uasset" 518
"../../../../../../Users/Foge/Documents/Unreal Projects/GAS/Content/StarterContent/Textures/T_ground_Moss_D.uasset" 519
"../../../../../../Users/Foge/Documents/Unreal Projects/GAS/Content/StarterContent/Textures/T_Ground_Moss_N.uasset" 520
"../../../../../../Users/Foge/Documents/Unreal Projects/GAS/Content/StarterContent/Materials/M_Ground_Moss.uasset" 521
"../../../../../../Users/Foge/Documents/Unreal Projects/GAS/Content/StarterContent/Materials/M_Metal_Chrome.uasset" 522
"../../../../../../Users/Foge/Documents/Unreal Projects/GAS/Content/StarterContent/Textures/T_Metal_Gold_D.uasset" 523
"../../../../../../Users/Foge/Documents/Unreal Projects/GAS/Content/StarterContent/Materials/M_Metal_Gold.uasset" 524
"../../../../../../Users/Foge/Documents/Unreal Projects/GAS/Content/StarterContent/Textures/T_Metal_Rust_D.uasset" 525
"../../../../../../Users/Foge/Documents/Unreal Projects/GAS/Content/StarterContent/Materials/M_Metal_Rust.uasset" 526
"../../../../../../Users/Foge/Documents/Unreal Projects/GAS/Content/StarterContent/Textures/T_Metal_Steel_D.uasset" 527
"../../../../../../Users/Foge/Documents/Unreal Projects/GAS/Content/StarterContent/Textures/T_Metal_Steel_N.uasset" 528
"../../../../../../Users/Foge/Documents/Unreal Projects/GAS/Content/StarterContent/Materials/M_Metal_Steel.uasset" 529
"../../../../../../Users/Foge/Documents/Unreal Projects/GAS/Content/StarterContent/Textures/T_Rock_Basalt_N.uasset" 530
"../../../../../../Users/Foge/Documents/Unreal Projects/GAS/Content/StarterContent/Materials/M_Rock_Basalt.uasset" 531
"../../../../../../Users/Foge/Documents/Unreal Projects/GAS/Content/StarterContent/Materials/M_Rock_Marble_Polished.uasset" 532
"../../../../../../Users/Foge/Documents/Unreal Projects/GAS/Content/StarterContent/Textures/T_Rock_Sandstone_D.uasset" 533
"../../../../../../Users/Foge/Documents/Unreal Projects/GAS/Content/StarterContent/Textures/T_Rock_Sandstone_N.uasset" 534
"../../../../../../Users/Foge/Documents/Unreal Projects/GAS/Content/StarterContent/Materials/M_Rock_Sandstone.uasset" 535
"../../../../../../Users/Foge/Documents/Unreal Projects/GAS/Content/StarterContent/Textures/T_Rock_Slate_D.uasset" 536
"../../../../../../Users/Foge/Documents/Unreal Projects/GAS/Content/StarterContent/Textures/T_Rock_Slate_N.uasset" 537
"../../../../../../Users/Foge/Documents/Unreal Projects/GAS/Content/StarterContent/Materials/M_Rock_Slate.uasset" 538
"../../../../../../Users/Foge/Documents/Unreal Projects/GAS/Content/StarterContent/Textures/T_Checker_Noise_M.uasset" 539
"../../../../../../Users/Foge/Documents/Unreal Projects/GAS/Content/StarterContent/Textures/T_Single_Tile_N.uasset" 540
"../../../../../../Users/Foge/Documents/Unreal Projects/GAS/Content/StarterContent/Textures/T_Tech_Dot_M.uasset" 541
"../../../../../../Users/Foge/Documents/Unreal Projects/GAS/Content/StarterContent/Textures/T_Tech_Dot_N.uasset" 542
"../../../../../../Users/Foge/Documents/Unreal Projects/GAS/Content/StarterContent/Materials/M_Tech_Checker_Dot.uasset" 543
"../../../../../../Users/Foge/Documents/Unreal Projects/GAS/Content/StarterContent/Textures/T_Tech_Hex_Tile_M.uasset" 544
"../../../../../../Users/Foge/Documents/Unreal Projects/GAS/Content/StarterContent/Textures/T_Tech_Hex_Tile_N.uasset" 545
"../../../../../../Users/Foge/Documents/Unreal Projects/GAS/Content/StarterContent/Materials/M_Tech_Hex_Tile.uasset" 546
"../../../../../../Users/Foge/Documents/Unreal Projects/GAS/Content/StarterContent/Materials/M_Tech_Hex_Tile_Pulse.uasset" 547
"../../../../../../Users/Foge/Documents/Unreal Projects/GAS/Content/StarterContent/Textures/T_Tech_Panel_M.uasset" 548
"../../../../../../Users/Foge/Documents/Unreal Projects/GAS/Content/StarterContent/Textures/T_Tech_Panel_N.uasset" 549
"../../../../../../Users/Foge/Documents/Unreal Projects/GAS/Content/StarterContent/Materials/M_Tech_Panel.uasset" 550
"../../../../../../Users/Foge/Documents/Unreal Projects/GAS/Content/StarterContent/Materials/M_Water_Lake.uasset" 551
"../../../../../../Users/Foge/Documents/Unreal Projects/GAS/Content/StarterContent/Textures/T_Water_M.uasset" 552
"../../../../../../Users/Foge/Documents/Unreal Projects/GAS/Content/StarterContent/Materials/M_Water_Ocean.uasset" 553
"../../../../../../Users/Foge/Documents/Unreal Projects/GAS/Content/StarterContent/Textures/T_Wood_Floor_Walnut_D.uasset" 554
"../../../../../../Users/Foge/Documents/Unreal Projects/GAS/Content/StarterContent/Textures/T_Wood_Floor_Walnut_M.uasset" 555
"../../../../../../Users/Foge/Documents/Unreal Projects/GAS/Content/StarterContent/Textures/T_Wood_Floor_Walnut_N.uasset" 556
"../../../../../../Users/Foge/Documents/Unreal Projects/GAS/Content/StarterContent/Materials/M_Wood_Floor_Walnut_Polished.uasset" 557
"../../../Engine/Content/Functions/Engine_MaterialFunctions01/Opacity/AlphaOffset.uasset" 558
"../../../../../../Users/Foge/Documents/Unreal Projects/GAS/Content/StarterContent/Materials/M_Wood_Floor_Walnut_Worn.uasset" 559
"../../../../../../Users/Foge/Documents/Unreal Projects/GAS/Content/StarterContent/Textures/T_Wood_Oak_D.uasset" 560
"../../../../../../Users/Foge/Documents/Unreal Projects/GAS/Content/StarterContent/Textures/T_Wood_Oak_N.uasset" 561
"../../../../../../Users/Foge/Documents/Unreal Projects/GAS/Content/StarterContent/Materials/M_Wood_Oak.uasset" 562
"../../../../../../Users/Foge/Documents/Unreal Projects/GAS/Content/StarterContent/Textures/T_Wood_Pine_D.uasset" 563
"../../../../../../Users/Foge/Documents/Unreal Projects/GAS/Content/StarterContent/Textures/T_Wood_Pine_N.uasset" 564
"../../../../../../Users/Foge/Documents/Unreal Projects/GAS/Content/StarterContent/Materials/M_Wood_Pine.uasset" 565
"../../../../../../Users/Foge/Documents/Unreal Projects/GAS/Content/StarterContent/Textures/T_Wood_Walnut_D.uasset" 566
"../../../../../../Users/Foge/Documents/Unreal Projects/GAS/Content/StarterContent/Textures/T_Wood_Walnut_N.uasset" 567
"../../../../../../Users/Foge/Documents/Unreal Projects/GAS/Content/StarterContent/Materials/M_Wood_Walnut.uasset" 568
"../../../../../../Users/Foge/Documents/Unreal Projects/GAS/Content/StarterContent/Architecture/Wall_400x200.uasset" 569
"../../../../../../Users/Foge/Documents/Unreal Projects/GAS/Content/StarterContent/Architecture/Wall_Door_400x300.uasset" 570
"../../../../../../Users/Foge/Documents/Unreal Projects/GAS/Content/StarterContent/Architecture/Wall_Window_400x300.uasset" 571
"../../../../../../Users/Foge/Documents/Unreal Projects/GAS/Content/StarterContent/Audio/Collapse_Cue.uasset" 572
"../../../../../../Users/Foge/Documents/Unreal Projects/GAS/Content/StarterContent/Audio/Starter_Music_Cue.uasset" 573
"../../../../../../Users/Foge/Documents/Unreal Projects/GAS/Content/StarterContent/Textures/T_Dust_Particle_D.uasset" 574
"../../../../../../Users/Foge/Documents/Unreal Projects/GAS/Content/StarterContent/Particles/Materials/M_Dust_Particle.uasset" 575
"../../../../../../Users/Foge/Documents/Unreal Projects/GAS/Content/StarterContent/Particles/P_Ambient_Dust.uasset" 576
"../../../../../../Users/Foge/Documents/Unreal Projects/GAS/Content/StarterContent/Props/MaterialSphere.uasset" 577
"../../../../../../Users/Foge/Documents/Unreal Projects/GAS/Content/StarterContent/Textures/T_Frame_M.uasset" 578
"../../../../../../Users/Foge/Documents/Unreal Projects/GAS/Content/StarterContent/Textures/T_Frame_N.uasset" 579
"../../../../../../Users/Foge/Documents/Unreal Projects/GAS/Content/StarterContent/Props/Materials/M_Frame.uasset" 580
"../../../../../../Users/Foge/Documents/Unreal Projects/GAS/Content/StarterContent/Props/SM_CornerFrame.uasset" 581
"../../../../../../Users/Foge/Documents/Unreal Projects/GAS/Content/StarterContent/Props/SM_DoorFrame.uasset" 582
"../../../../../../Users/Foge/Documents/Unreal Projects/GAS/Content/StarterContent/Props/SM_GlassWindow.uasset" 583
"../../../../../../Users/Foge/Documents/Unreal Projects/GAS/Content/StarterContent/Props/SM_PillarFrame.uasset" 584
"../../../../../../Users/Foge/Documents/Unreal Projects/GAS/Content/StarterContent/Props/SM_PillarFrame300.uasset" 585
"../../../../../../Users/Foge/Documents/Unreal Projects/GAS/Content/StarterContent/Props/SM_WindowFrame.uasset" 586
"../../../../../../Users/Foge/Documents/Unreal Projects/GAS/Content/StarterContent/Shapes/Shape_Cube.uasset" 587
"../../../../../../Users/Foge/Documents/Unreal Projects/GAS/Content/StarterContent/Shapes/Shape_QuadPyramid.uasset" 588
"../../../../../../Users/Foge/Documents/Unreal Projects/GAS/Content/StarterContent/Shapes/Shape_Sphere.uasset" 589
"../../../../../../Users/Foge/Documents/Unreal Projects/GAS/Content/StarterContent/Maps/StarterMap.umap" 590
"../../../../../../Users/Foge/Documents/Unreal Projects/GAS/Content/_Marketplace/MartialArtsFightGame/Anims/Volume1/Volume1_combo.uasset" 591
"../../../../../../Users/Foge/Documents/Unreal Projects/GAS/Content/_Marketplace/MartialArtsFightGame/Anims/Volume1/Volume1_cross_uppercut.uasset" 592
"../../../../../../Users/Foge/Documents/Unreal Projects/GAS/Content/_Marketplace/MartialArtsFightGame/Anims/Volume1/Volume1_defence.uasset" 593
"../../../../../../Users/Foge/Documents/Unreal Projects/GAS/Content/_Marketplace/MartialArtsFightGame/Anims/Volume1/Volume1_Downkick_L.uasset" 594
"../../../../../../Users/Foge/Documents/Unreal Projects/GAS/Content/_Marketplace/MartialArtsFightGame/Anims/Volume1/Volume1_footpress.uasset" 595
"../../../../../../Users/Foge/Documents/Unreal Projects/GAS/Content/_Marketplace/MartialArtsFightGame/Anims/Volume1/Volume1_jab_cross.uasset" 596
"../../../../../../Users/Foge/Documents/Unreal Projects/GAS/Content/_Marketplace/MartialArtsFightGame/Anims/Volume1/Volume1_jab_L.uasset" 597
"../../../../../../Users/Foge/Documents/Unreal Projects/GAS/Content/_Marketplace/MartialArtsFightGame/Anims/Volume1/Volume1_jab_R.uasset" 598
"../../../../../../Users/Foge/Documents/Unreal Projects/GAS/Content/_Marketplace/MartialArtsFightGame/Anims/Volume1/Volume1_knee_press.uasset" 599
"../../../../../../Users/Foge/Documents/Unreal Projects/GAS/Content/_Marketplace/MartialArtsFightGame/Anims/Volume1/Volume1_knockdown_end.uasset" 600
"../../../../../../Users/Foge/Documents/Unreal Projects/GAS/Content/_Marketplace/MartialArtsFightGame/Anims/Volume1/Volume1_knockdown_Loop.uasset" 601
"../../../../../../Users/Foge/Documents/Unreal Projects/GAS/Content/_Marketplace/MartialArtsFightGame/Anims/Volume1/Volume1_knockdown_start.uasset" 602
"../../../../../../Users/Foge/Documents/Unreal Projects/GAS/Content/_Marketplace/MartialArtsFightGame/Anims/Volume1/Volume1_MT_airspinkick.uasset" 603
"../../../../../../Users/Foge/Documents/Unreal Projects/GAS/Content/_Marketplace/MartialArtsFightGame/Anims/Volume1/Volume1_MT_Elbow_L.uasset" 604
"../../../../../../Users/Foge/Documents/Unreal Projects/GAS/Content/_Marketplace/MartialArtsFightGame/Anims/Volume1/Volume1_MT_idle.uasset" 605
"../../../../../../Users/Foge/Documents/Unreal Projects/GAS/Content/_Marketplace/MartialArtsFightGame/Anims/Volume1/Volume1_MT_kick01.uasset" 606
"../../../../../../Users/Foge/Documents/Unreal Projects/GAS/Content/_Marketplace/MartialArtsFightGame/Anims/Volume1/Volume1_MT_kick02.uasset" 607
"../../../../../../Users/Foge/Documents/Unreal Projects/GAS/Content/_Marketplace/MartialArtsFightGame/Anims/Volume1/Volume1_MT_kneekick01.uasset" 608
"../../../../../../Users/Foge/Documents/Unreal Projects/GAS/Content/_Marketplace/MartialArtsFightGame/Anims/Volume1/Volume1_MT_Lowkick_L.uasset" 609
"../../../../../../Users/Foge/Documents/Unreal Projects/GAS/Content/_Marketplace/MartialArtsFightGame/Anims/Volume1/Volume1_MT_Lowkick_R.uasset" 610
"../../../../../../Users/Foge/Documents/Unreal Projects/GAS/Content/_Marketplace/MartialArtsFightGame/Anims/Volume1/Volume1_pounding_fail_attacked.uasset" 611
"../../../../../../Users/Foge/Documents/Unreal Projects/GAS/Content/_Marketplace/MartialArtsFightGame/Anims/Volume1/Volume1_pounding_fail_attacker.uasset" 612
"../../../../../../Users/Foge/Documents/Unreal Projects/GAS/Content/_Marketplace/MartialArtsFightGame/Anims/Volume1/Volume1_pounding_success_attacked.uasset" 613
"../../../../../../Users/Foge/Documents/Unreal Projects/GAS/Content/_Marketplace/MartialArtsFightGame/Anims/Volume1/Volume1_pounding_sucess_attacker.uasset" 614
"../../../../../../Users/Foge/Documents/Unreal Projects/GAS/Content/_Marketplace/MartialArtsFightGame/Anims/Volume1/Volume1_slips01.uasset" 615
"../../../../../../Users/Foge/Documents/Unreal Projects/GAS/Content/_Marketplace/MartialArtsFightGame/Anims/Volume1/Volume1_slips02.uasset" 616
"../../../../../../Users/Foge/Documents/Unreal Projects/GAS/Content/_Marketplace/MartialArtsFightGame/Anims/Volume1/Volume1_step_back.uasset" 617
"../../../../../../Users/Foge/Documents/Unreal Projects/GAS/Content/_Marketplace/MartialArtsFightGame/Anims/Volume1/Volume1_step_forward.uasset" 618
"../../../../../../Users/Foge/Documents/Unreal Projects/GAS/Content/_Marketplace/MartialArtsFightGame/Anims/Volume2/attacks_combo1.uasset" 619
"../../../../../../Users/Foge/Documents/Unreal Projects/GAS/Content/_Marketplace/MartialArtsFightGame/Anims/Volume2/attacks_combo2.uasset" 620
"../../../../../../Users/Foge/Documents/Unreal Projects/GAS/Content/_Marketplace/MartialArtsFightGame/Anims/Volume2/attacks_combo3.uasset" 621
"../../../../../../Users/Foge/Documents/Unreal Projects/GAS/Content/_Marketplace/MartialArtsFightGame/Anims/Volume2/attacks_combo4.uasset" 622
"../../../../../../Users/Foge/Documents/Unreal Projects/GAS/Content/_Marketplace/MartialArtsFightGame/Anims/Volume2/attacks_combo5.uasset" 623
"../../../../../../Users/Foge/Documents/Unreal Projects/GAS/Content/_Marketplace/MartialArtsFightGame/Anims/Volume2/attacks_combo6.uasset" 624
"../../../../../../Users/Foge/Documents/Unreal Projects/GAS/Content/_Marketplace/MartialArtsFightGame/Anims/Volume2/attacks_combo7.uasset" 625
"../../../../../../Users/Foge/Documents/Unreal Projects/GAS/Content/_Marketplace/MartialArtsFightGame/Anims/Volume2/attacks_Jump_kick01.uasset" 626
"../../../../../../Users/Foge/Documents/Unreal Projects/GAS/Content/_Marketplace/MartialArtsFightGame/Anims/Volume2/attacks_Jump_kick02.uasset" 627
"../../../../../../Users/Foge/Documents/Unreal Projects/GAS/Content/_Marketplace/MartialArtsFightGame/Anims/Volume2/attacks_Jump_UpperCut01.uasset" 628
"../../../../../../Users/Foge/Documents/Unreal Projects/GAS/Content/_Marketplace/MartialArtsFightGame/Anims/Volume2/attacks_kick1.uasset" 629
"../../../../../../Users/Foge/Documents/Unreal Projects/GAS/Content/_Marketplace/MartialArtsFightGame/Anims/Volume2/attacks_kick2.uasset" 630
"../../../../../../Users/Foge/Documents/Unreal Projects/GAS/Content/_Marketplace/MartialArtsFightGame/Anims/Volume2/attacks_kick3.uasset" 631
"../../../../../../Users/Foge/Documents/Unreal Projects/GAS/Content/_Marketplace/MartialArtsFightGame/Anims/Volume2/attacks_kick4.uasset" 632
"../../../../../../Users/Foge/Documents/Unreal Projects/GAS/Content/_Marketplace/MartialArtsFightGame/Anims/Volume2/attacks_kick5.uasset" 633
"../../../../../../Users/Foge/Documents/Unreal Projects/GAS/Content/_Marketplace/MartialArtsFightGame/Anims/Volume2/attacks_Lower_kick1.uasset" 634
"../../../../../../Users/Foge/Documents/Unreal Projects/GAS/Content/_Marketplace/MartialArtsFightGame/Anims/Volume2/attacks_Lower_kick2.uasset" 635
"../../../../../../Users/Foge/Documents/Unreal Projects/GAS/Content/_Marketplace/MartialArtsFightGame/Anims/Volume2/attacks_Lower_kick3.uasset" 636
"../../../../../../Users/Foge/Documents/Unreal Projects/GAS/Content/_Marketplace/MartialArtsFightGame/Anims/Volume2/attacks_Lower_kick4.uasset" 637
"../../../../../../Users/Foge/Documents/Unreal Projects/GAS/Content/_Marketplace/MartialArtsFightGame/Anims/Volume2/attacks_Lower_punch1.uasset" 638
"../../../../../../Users/Foge/Documents/Unreal Projects/GAS/Content/_Marketplace/MartialArtsFightGame/Anims/Volume2/attacks_punch1.uasset" 639
"../../../../../../Users/Foge/Documents/Unreal Projects/GAS/Content/_Marketplace/MartialArtsFightGame/Anims/Volume2/attacks_punch2.uasset" 640
"../../../../../../Users/Foge/Documents/Unreal Projects/GAS/Content/_Marketplace/MartialArtsFightGame/Anims/Volume2/attacks_punch3.uasset" 641
"../../../../../../Users/Foge/Documents/Unreal Projects/GAS/Content/_Marketplace/MartialArtsFightGame/Anims/Volume2/attacks_punch4.uasset" 642
"../../../../../../Users/Foge/Documents/Unreal Projects/GAS/Content/_Marketplace/MartialArtsFightGame/Anims/Volume2/attacks_punch_chargestyle.uasset" 643
"../../../../../../Users/Foge/Documents/Unreal Projects/GAS/Content/_Marketplace/MartialArtsFightGame/Anims/Volume2/avoid_back.uasset" 644
"../../../../../../Users/Foge/Documents/Unreal Projects/GAS/Content/_Marketplace/MartialArtsFightGame/Anims/Volume2/avoid_Front.uasset" 645
"../../../../../../Users/Foge/Documents/Unreal Projects/GAS/Content/_Marketplace/MartialArtsFightGame/Anims/Volume2/avoid_Left.uasset" 646
"../../../../../../Users/Foge/Documents/Unreal Projects/GAS/Content/_Marketplace/MartialArtsFightGame/Anims/Volume2/avoid_Right.uasset" 647
"../../../../../../Users/Foge/Documents/Unreal Projects/GAS/Content/_Marketplace/MartialArtsFightGame/Anims/Volume2/Dead1.uasset" 648
"../../../../../../Users/Foge/Documents/Unreal Projects/GAS/Content/_Marketplace/MartialArtsFightGame/Anims/Volume2/Dead2.uasset" 649
"../../../../../../Users/Foge/Documents/Unreal Projects/GAS/Content/_Marketplace/MartialArtsFightGame/Anims/Volume2/Dead3.uasset" 650
"../../../../../../Users/Foge/Documents/Unreal Projects/GAS/Content/_Marketplace/MartialArtsFightGame/Anims/Volume2/Dead4.uasset" 651
"../../../../../../Users/Foge/Documents/Unreal Projects/GAS/Content/_Marketplace/MartialArtsFightGame/Anims/Volume2/Dead5.uasset" 652
"../../../../../../Users/Foge/Documents/Unreal Projects/GAS/Content/_Marketplace/MartialArtsFightGame/Anims/Volume2/Dead6.uasset" 653
"../../../../../../Users/Foge/Documents/Unreal Projects/GAS/Content/_Marketplace/MartialArtsFightGame/Anims/Volume2/Dead7.uasset" 654
"../../../../../../Users/Foge/Documents/Unreal Projects/GAS/Content/_Marketplace/MartialArtsFightGame/Anims/Volume2/Dead8.uasset" 655
"../../../../../../Users/Foge/Documents/Unreal Projects/GAS/Content/_Marketplace/MartialArtsFightGame/Anims/Volume2/Dead9.uasset" 656
"../../../../../../Users/Foge/Documents/Unreal Projects/GAS/Content/_Marketplace/MartialArtsFightGame/Anims/Volume2/down_down_atkrise2.uasset" 657
"../../../../../../Users/Foge/Documents/Unreal Projects/GAS/Content/_Marketplace/MartialArtsFightGame/Anims/Volume2/down_down_idle.uasset" 658
"../../../../../../Users/Foge/Documents/Unreal Projects/GAS/Content/_Marketplace/MartialArtsFightGame/Anims/Volume2/down_down_rise_Inplace.uasset" 659
"../../../../../../Users/Foge/Documents/Unreal Projects/GAS/Content/_Marketplace/MartialArtsFightGame/Anims/Volume2/down_down_roll_front_rise.uasset" 660
"../../../../../../Users/Foge/Documents/Unreal Projects/GAS/Content/_Marketplace/MartialArtsFightGame/Anims/Volume2/down_down_roll_right_rise.uasset" 661
"../../../../../../Users/Foge/Documents/Unreal Projects/GAS/Content/_Marketplace/MartialArtsFightGame/Anims/Volume2/down_down_turn_rise.uasset" 662
"../../../../../../Users/Foge/Documents/Unreal Projects/GAS/Content/_Marketplace/MartialArtsFightGame/Anims/Volume2/down_hit.uasset" 663
"../../../../../../Users/Foge/Documents/Unreal Projects/GAS/Content/_Marketplace/MartialArtsFightGame/Anims/Volume2/down_rise_Inplace1.uasset" 664
"../../../../../../Users/Foge/Documents/Unreal Projects/GAS/Content/_Marketplace/MartialArtsFightGame/Anims/Volume2/down_rise_Inplace2.uasset" 665
"../../../../../../Users/Foge/Documents/Unreal Projects/GAS/Content/_Marketplace/MartialArtsFightGame/Anims/Volume2/down_roll_back_rise.uasset" 666
"../../../../../../Users/Foge/Documents/Unreal Projects/GAS/Content/_Marketplace/MartialArtsFightGame/Anims/Volume2/down_roll_front_rise.uasset" 667
"../../../../../../Users/Foge/Documents/Unreal Projects/GAS/Content/_Marketplace/MartialArtsFightGame/Anims/Volume2/down_roll_left_rise.uasset" 668
"../../../../../../Users/Foge/Documents/Unreal Projects/GAS/Content/_Marketplace/MartialArtsFightGame/Anims/Volume2/down_roll_right_rise.uasset" 669
"../../../../../../Users/Foge/Documents/Unreal Projects/GAS/Content/_Marketplace/MartialArtsFightGame/Anims/Volume2/down_up_atk1.uasset" 670
"../../../../../../Users/Foge/Documents/Unreal Projects/GAS/Content/_Marketplace/MartialArtsFightGame/Anims/Volume2/down_up_atkrise1.uasset" 671
"../../../../../../Users/Foge/Documents/Unreal Projects/GAS/Content/_Marketplace/MartialArtsFightGame/Anims/Volume2/down_up_idle.uasset" 672
"../../../../../../Users/Foge/Documents/Unreal Projects/GAS/Content/_Marketplace/MartialArtsFightGame/Anims/Volume2/hit_body_back.uasset" 673
"../../../../../../Users/Foge/Documents/Unreal Projects/GAS/Content/_Marketplace/MartialArtsFightGame/Anims/Volume2/hit_body_front.uasset" 674
"../../../../../../Users/Foge/Documents/Unreal Projects/GAS/Content/_Marketplace/MartialArtsFightGame/Anims/Volume2/hit_body_left.uasset" 675
"../../../../../../Users/Foge/Documents/Unreal Projects/GAS/Content/_Marketplace/MartialArtsFightGame/Anims/Volume2/hit_body_lower.uasset" 676
"../../../../../../Users/Foge/Documents/Unreal Projects/GAS/Content/_Marketplace/MartialArtsFightGame/Anims/Volume2/hit_body_right.uasset" 677
"../../../../../../Users/Foge/Documents/Unreal Projects/GAS/Content/_Marketplace/MartialArtsFightGame/Anims/Volume2/hit_bound_down.uasset" 678
"../../../../../../Users/Foge/Documents/Unreal Projects/GAS/Content/_Marketplace/MartialArtsFightGame/Anims/Volume2/hit_bound_high_down.uasset" 679
"../../../../../../Users/Foge/Documents/Unreal Projects/GAS/Content/_Marketplace/MartialArtsFightGame/Anims/Volume2/hit_bound_up.uasset" 680
"../../../../../../Users/Foge/Documents/Unreal Projects/GAS/Content/_Marketplace/MartialArtsFightGame/Anims/Volume2/hit_head_back.uasset" 681
"../../../../../../Users/Foge/Documents/Unreal Projects/GAS/Content/_Marketplace/MartialArtsFightGame/Anims/Volume2/hit_head_front.uasset" 682
"../../../../../../Users/Foge/Documents/Unreal Projects/GAS/Content/_Marketplace/MartialArtsFightGame/Anims/Volume2/hit_head_left.uasset" 683
"../../../../../../Users/Foge/Documents/Unreal Projects/GAS/Content/_Marketplace/MartialArtsFightGame/Anims/Volume2/hit_head_right.uasset" 684
"../../../../../../Users/Foge/Documents/Unreal Projects/GAS/Content/_Marketplace/MartialArtsFightGame/Anims/Volume2/hit_light_back.uasset" 685
"../../../../../../Users/Foge/Documents/Unreal Projects/GAS/Content/_Marketplace/MartialArtsFightGame/Anims/Volume2/hit_light_blow.uasset" 686
"../../../../../../Users/Foge/Documents/Unreal Projects/GAS/Content/_Marketplace/MartialArtsFightGame/Anims/Volume2/hit_light_front.uasset" 687
"../../../../../../Users/Foge/Documents/Unreal Projects/GAS/Content/_Marketplace/MartialArtsFightGame/Anims/Volume2/hit_light_left.uasset" 688
"../../../../../../Users/Foge/Documents/Unreal Projects/GAS/Content/_Marketplace/MartialArtsFightGame/Anims/Volume2/hit_light_right.uasset" 689
"../../../../../../Users/Foge/Documents/Unreal Projects/GAS/Content/_Marketplace/MartialArtsFightGame/Anims/Volume2/hitstrong_body_back.uasset" 690
"../../../../../../Users/Foge/Documents/Unreal Projects/GAS/Content/_Marketplace/MartialArtsFightGame/Anims/Volume2/hitstrong_body_front.uasset" 691
"../../../../../../Users/Foge/Documents/Unreal Projects/GAS/Content/_Marketplace/MartialArtsFightGame/Anims/Volume2/hitstrong_body_left.uasset" 692
"../../../../../../Users/Foge/Documents/Unreal Projects/GAS/Content/_Marketplace/MartialArtsFightGame/Anims/Volume2/hitstrong_body_right.uasset" 693
"../../../../../../Users/Foge/Documents/Unreal Projects/GAS/Content/_Marketplace/MartialArtsFightGame/Anims/Volume2/hitstrong_slow_back.uasset" 694
"../../../../../../Users/Foge/Documents/Unreal Projects/GAS/Content/_Marketplace/MartialArtsFightGame/Anims/Volume2/hitstrong_slow_front.uasset" 695
"../../../../../../Users/Foge/Documents/Unreal Projects/GAS/Content/_Marketplace/MartialArtsFightGame/Anims/Volume2/idle02.uasset" 696
"../../../../../../Users/Foge/Documents/Unreal Projects/GAS/Content/_Marketplace/MartialArtsFightGame/Anims/Volume2/idle03.uasset" 697
"../../../../../../Users/Foge/Documents/Unreal Projects/GAS/Content/_Marketplace/MartialArtsFightGame/Anims/Volume2/idle04.uasset" 698
"../../../../../../Users/Foge/Documents/Unreal Projects/GAS/Content/_Marketplace/MartialArtsFightGame/Anims/Volume2/idle05.uasset" 699
"../../../../../../Users/Foge/Documents/Unreal Projects/GAS/Content/_Marketplace/MartialArtsFightGame/Anims/Volume2/Inplace_Jump1.uasset" 700
"../../../../../../Users/Foge/Documents/Unreal Projects/GAS/Content/_Marketplace/MartialArtsFightGame/Anims/Volume2/Inplace_Jump2.uasset" 701
"../../../../../../Users/Foge/Documents/Unreal Projects/GAS/Content/_Marketplace/MartialArtsFightGame/Anims/Volume2/Inplace_Jump3.uasset" 702
"../../../../../../Users/Foge/Documents/Unreal Projects/GAS/Content/_Marketplace/MartialArtsFightGame/Anims/Volume2/Inplace_Jump4.uasset" 703
"../../../../../../Users/Foge/Documents/Unreal Projects/GAS/Content/_Marketplace/MartialArtsFightGame/Anims/Volume2/Inplace_Jump5.uasset" 704
"../../../../../../Users/Foge/Documents/Unreal Projects/GAS/Content/_Marketplace/MartialArtsFightGame/Anims/Volume2/Inplace_Jump_atk1.uasset" 705
"../../../../../../Users/Foge/Documents/Unreal Projects/GAS/Content/_Marketplace/MartialArtsFightGame/Anims/Volume2/Inplace_Jump_atk1_Zaxis.uasset" 706
"../../../../../../Users/Foge/Documents/Unreal Projects/GAS/Content/_Marketplace/MartialArtsFightGame/Anims/Volume2/Inplace_Jump_atk2.uasset" 707
"../../../../../../Users/Foge/Documents/Unreal Projects/GAS/Content/_Marketplace/MartialArtsFightGame/Anims/Volume2/Inplace_Jump_atk2_Zaxis.uasset" 708
"../../../../../../Users/Foge/Documents/Unreal Projects/GAS/Content/_Marketplace/MartialArtsFightGame/Anims/Volume2/Inplace_Jump_atk3.uasset" 709
"../../../../../../Users/Foge/Documents/Unreal Projects/GAS/Content/_Marketplace/MartialArtsFightGame/Anims/Volume2/Inplace_Jump_atk3_Zaxis.uasset" 710
"../../../../../../Users/Foge/Documents/Unreal Projects/GAS/Content/_Marketplace/MartialArtsFightGame/Anims/Volume2/Inplace_Jump_atk4.uasset" 711
"../../../../../../Users/Foge/Documents/Unreal Projects/GAS/Content/_Marketplace/MartialArtsFightGame/Anims/Volume2/knockdown_down_01.uasset" 712
"../../../../../../Users/Foge/Documents/Unreal Projects/GAS/Content/_Marketplace/MartialArtsFightGame/Anims/Volume2/knockdown_up_01.uasset" 713
"../../../../../../Users/Foge/Documents/Unreal Projects/GAS/Content/_Marketplace/MartialArtsFightGame/Anims/Volume2/knockdown_up_02.uasset" 714
"../../../../../../Users/Foge/Documents/Unreal Projects/GAS/Content/_Marketplace/MartialArtsFightGame/Anims/Volume2/knockdown_up_03.uasset" 715
"../../../../../../Users/Foge/Documents/Unreal Projects/GAS/Content/_Marketplace/MartialArtsFightGame/Anims/Volume2/knockdown_wall_down01.uasset" 716
"../../../../../../Users/Foge/Documents/Unreal Projects/GAS/Content/_Marketplace/MartialArtsFightGame/Anims/Volume2/knockdown_wall_up01.uasset" 717
"../../../../../../Users/Foge/Documents/Unreal Projects/GAS/Content/_Marketplace/MartialArtsFightGame/Anims/Volume2/pick_boxkick.uasset" 718
"../../../../../../Users/Foge/Documents/Unreal Projects/GAS/Content/_Marketplace/MartialArtsFightGame/Anims/Volume2/Pick_Down.uasset" 719
"../../../../../../Users/Foge/Documents/Unreal Projects/GAS/Content/_Marketplace/MartialArtsFightGame/Anims/Volume2/Pick_table.uasset" 720
"../../../../../../Users/Foge/Documents/Unreal Projects/GAS/Content/_Marketplace/MartialArtsFightGame/Anims/Volume2/Revival1.uasset" 721
"../../../../../../Users/Foge/Documents/Unreal Projects/GAS/Content/_Marketplace/MartialArtsFightGame/Anims/Volume2/Revival2.uasset" 722
"../../../../../../Users/Foge/Documents/Unreal Projects/GAS/Content/_Marketplace/MartialArtsFightGame/Anims/Volume2/Revival3.uasset" 723
"../../../../../../Users/Foge/Documents/Unreal Projects/GAS/Content/_Marketplace/MartialArtsFightGame/Anims/Volume2/Run_Front.uasset" 724
"../../../../../../Users/Foge/Documents/Unreal Projects/GAS/Content/_Marketplace/MartialArtsFightGame/Anims/Volume2/Side_Block_Break.uasset" 725
"../../../../../../Users/Foge/Documents/Unreal Projects/GAS/Content/_Marketplace/MartialArtsFightGame/Anims/Volume2/Side_HighBlock.uasset" 726
"../../../../../../Users/Foge/Documents/Unreal Projects/GAS/Content/_Marketplace/MartialArtsFightGame/Anims/Volume2/Side_Hit_BodyFront.uasset" 727
"../../../../../../Users/Foge/Documents/Unreal Projects/GAS/Content/_Marketplace/MartialArtsFightGame/Anims/Volume2/Side_Hit_HeadBack.uasset" 728
"../../../../../../Users/Foge/Documents/Unreal Projects/GAS/Content/_Marketplace/MartialArtsFightGame/Anims/Volume2/Side_Hit_HeadFront.uasset" 729
"../../../../../../Users/Foge/Documents/Unreal Projects/GAS/Content/_Marketplace/MartialArtsFightGame/Anims/Volume2/Side_Hit_LegFront.uasset" 730
"../../../../../../Users/Foge/Documents/Unreal Projects/GAS/Content/_Marketplace/MartialArtsFightGame/Anims/Volume2/Side_idle.uasset" 731
"../../../../../../Users/Foge/Documents/Unreal Projects/GAS/Content/_Marketplace/MartialArtsFightGame/Anims/Volume2/Side_MiddleBlock.uasset" 732
"../../../../../../Users/Foge/Documents/Unreal Projects/GAS/Content/_Marketplace/MartialArtsFightGame/Anims/Volume2/Side_Move_Bwd.uasset" 733
"../../../../../../Users/Foge/Documents/Unreal Projects/GAS/Content/_Marketplace/MartialArtsFightGame/Anims/Volume2/Side_Move_Fwd.uasset" 734
"../../../../../../Users/Foge/Documents/Unreal Projects/GAS/Content/_Marketplace/MartialArtsFightGame/Anims/Volume2/Side_Sit.uasset" 735
"../../../../../../Users/Foge/Documents/Unreal Projects/GAS/Content/_Marketplace/MartialArtsFightGame/Anims/Volume2/Side_Sit_Hit_Head.uasset" 736
"../../../../../../Users/Foge/Documents/Unreal Projects/GAS/Content/_Marketplace/MartialArtsFightGame/Anims/Volume2/Side_SitBlock.uasset" 737
"../../../../../../Users/Foge/Documents/Unreal Projects/GAS/Content/_Marketplace/MartialArtsFightGame/Anims/Volume2/Side_Sitidle.uasset" 738
"../../../../../../Users/Foge/Documents/Unreal Projects/GAS/Content/_Marketplace/MartialArtsFightGame/Anims/Volume2/Side_Step_Bwd.uasset" 739
"../../../../../../Users/Foge/Documents/Unreal Projects/GAS/Content/_Marketplace/MartialArtsFightGame/Anims/Volume2/Side_Step_Fwd.uasset" 740
"../../../../../../Users/Foge/Documents/Unreal Projects/GAS/Content/_Marketplace/MartialArtsFightGame/Anims/Volume2/Side_Up.uasset" 741
"../../../../../../Users/Foge/Documents/Unreal Projects/GAS/Content/_Marketplace/MartialArtsFightGame/Maps/Overview_BuiltData.uasset" 742
"../../../../../../Users/Foge/Documents/Unreal Projects/GAS/Content/_Marketplace/MartialArtsFightGame/Materials/M_UE4Man_Body.uasset" 743
"../../../Engine/Content/BasicShapes/Cube.uasset" 744
"../../../../../../Users/Foge/Documents/Unreal Projects/GAS/Content/_Marketplace/MartialArtsFightGame/Textures/UE4Man_Logo_N.uasset" 745
"../../../../../../Users/Foge/Documents/Unreal Projects/GAS/Content/_Marketplace/MartialArtsFightGame/Materials/M_UE4Man_ChestLogo.uasset" 746
"../../../../../../Users/Foge/Documents/Unreal Projects/GAS/Content/_Marketplace/MartialArtsFightGame/Anims/Skeleton/SK_Mannequin_PhysicsAsset_MAFG.uasset" 747
"../../../../../../Users/Foge/Documents/Unreal Projects/GAS/Content/_Marketplace/MartialArtsFightGame/Anims/Skeleton/SK_Mannequin_MAFG.uasset" 748
"../../../../../../Users/Foge/Documents/Unreal Projects/GAS/Content/_Marketplace/MartialArtsFightGame/Maps/Overview.umap" 749
"../../../Engine/Content/Maps/Entry_BuiltData.uasset" 750
"../../../Engine/Content/Maps/Entry.umap" 751
